<?xml version="1.0" ?>
<testsuite errors="0" failures="10" hostname="ipid-hk-64c" tests="594" time="14.770045518875122" timestamp="2022-12-08T22:13:58.160822">
    <testcase classname="bifs" name="current_analyzer" time="0.5139904022216797"/>
    <testcase classname="bifs" name="current_time" time="0.5154340267181396"/>
    <testcase classname="bifs" name="addr_count_conversion" time="0.7073562145233154"/>
    <testcase classname="bifs" name="addr_to_ptr_name" time="0.7157449722290039"/>
    <testcase classname="bifs" name="addr_version" time="0.7126293182373047"/>
    <testcase classname="bifs" name="all_set" time="0.7162063121795654"/>
    <testcase classname="bifs" name="analyzer_name" time="0.7260091304779053"/>
    <testcase classname="bifs" name="backtrace" time="0.711798906326294"/>
    <testcase classname="bifs" name="any_set" time="0.7303507328033447"/>
    <testcase classname="bifs" name="bytestring_to_count" time="0.7404427528381348"/>
    <testcase classname="bifs" name="bytestring_to_double" time="0.734464168548584"/>
    <testcase classname="bifs" name="bytestring_to_hexstr" time="0.7421340942382812"/>
    <testcase classname="bifs" name="getpid" time="0.5514636039733887"/>
    <testcase classname="bifs" name="gethostname" time="0.5561196804046631"/>
    <testcase classname="bifs" name="get_matcher_stats" time="0.5638930797576904"/>
    <testcase classname="bifs" name="cat" time="0.7732422351837158"/>
    <testcase classname="bifs" name="compress_path" time="0.7776162624359131"/>
    <testcase classname="bifs" name="check_subnet" time="0.8314940929412842"/>
    <testcase classname="bifs" name="clear_table_expire_func" time="0.8285295963287354"/>
    <testcase classname="bifs" name="clear_table" time="0.8378570079803467"/>
    <testcase classname="bifs" name="convert_for_pattern" time="0.8203980922698975"/>
    <testcase classname="bifs" name="count_to_addr" time="0.854154109954834"/>
    <testcase classname="bifs" name="decode_base64" time="0.8692202568054199"/>
    <testcase classname="bifs" name="edit" time="0.845078706741333"/>
    <testcase classname="bifs" name="directory_operations" time="0.8956866264343262"/>
    <testcase classname="bifs" name="exit" time="0.8586897850036621"/>
    <testcase classname="bifs" name="encode_base64" time="0.8833591938018799"/>
    <testcase classname="bifs" name="entropy_test" time="0.8935165405273438"/>
    <testcase classname="bifs" name="disable_analyzer-early" time="0.9461400508880615"/>
    <testcase classname="bifs" name="filter_subnet_table" time="0.8908064365386963"/>
    <testcase classname="bifs" name="enum_to_int" time="0.9093832969665527"/>
    <testcase classname="bifs" name="escape_string" time="0.9099547863006592"/>
    <testcase classname="bifs" name="enum_names" time="0.9264199733734131"/>
    <testcase classname="bifs" name="find_all" time="0.8999419212341309"/>
    <testcase classname="bifs" name="file_mode" time="0.9133443832397461"/>
    <testcase classname="bifs" name="find_all_ordered" time="0.9037599563598633"/>
    <testcase classname="bifs" name="disable_analyzer" time="0.9807775020599365"/>
    <testcase classname="bifs" name="get_current_packet_header" time="0.9036698341369629"/>
    <testcase classname="bifs" name="fmt" time="0.9191646575927734"/>
    <testcase classname="bifs" name="fmt_ftp_port" time="0.920661211013794"/>
    <testcase classname="bifs" name="global_sizes" time="0.8939056396484375"/>
    <testcase classname="bifs" name="find_entropy" time="0.9602458477020264"/>
    <testcase classname="bifs" name="find_last" time="0.9591107368469238"/>
    <testcase classname="bifs" name="disable_analyzer-tcp-packet-children" time="1.0376908779144287"/>
    <testcase classname="bifs" name="getsetenv" time="0.911689043045044"/>
    <testcase classname="bifs" name="identify_data" time="0.876089334487915"/>
    <testcase classname="bifs" name="get_port_transport_proto" time="0.9578661918640137"/>
    <testcase classname="bifs" name="is_ascii" time="0.8793199062347412"/>
    <testcase classname="bifs" name="install_src_addr_filter" time="0.8952748775482178"/>
    <testcase classname="bifs" name="global_ids" time="0.9411182403564453"/>
    <testcase classname="bifs" name="is_port" time="0.8746216297149658"/>
    <testcase classname="bifs" name="is_local_interface" time="0.8912947177886963"/>
    <testcase classname="bifs" name="haversine_distance" time="0.9541051387786865"/>
    <testcase classname="bifs" name="hexdump" time="0.9592769145965576"/>
    <testcase classname="bifs" name="bloomfilter-seed" time="1.2753231525421143"/>
    <testcase classname="bifs" name="decode_base64_conn" time="1.2336397171020508"/>
    <testcase classname="bifs" name="enable_raw_output" time="1.2026591300964355"/>
    <testcase classname="bifs" name="bloomfilter" time="1.4595692157745361"/>
    <testcase classname="bifs" name="hexstr_to_bytestring" time="1.2312748432159424"/>
    <testcase classname="bifs" name="join_string" time="0.8280715942382812"/>
    <testcase classname="bifs" name="levenshtein_distance" time="0.8289258480072021"/>
    <testcase classname="bifs" name="hll_cardinality" time="1.2597696781158447"/>
    <testcase classname="bifs" name="lookup_ID" time="0.8475878238677979"/>
    <testcase classname="bifs" name="lowerupper" time="0.8437216281890869"/>
    <testcase classname="bifs" name="mask_addr" time="0.8450436592102051"/>
    <testcase classname="bifs" name="matching_subnets" time="0.8403482437133789"/>
    <testcase classname="bifs" name="lstrip" time="0.8675329685211182"/>
    <testcase classname="bifs" name="math" time="0.8486511707305908"/>
    <testcase classname="bifs" name="md5" time="0.8490240573883057"/>
    <testcase classname="bifs" name="parse_ftp" time="0.7913253307342529"/>
    <testcase classname="bifs" name="packet_sources" time="0.8085343837738037"/>
    <testcase classname="bifs" name="order" time="0.8176841735839844"/>
    <testcase classname="bifs" name="net_stats_trace" time="0.844369649887085"/>
    <testcase classname="bifs" name="ptr_name_to_addr" time="0.7901268005371094"/>
    <testcase classname="bifs" name="print_raw" time="0.8236021995544434"/>
    <testcase classname="bifs" name="netbios-functions" time="0.8525195121765137"/>
    <testcase classname="bifs" name="record_type_to_vector" time="0.7902960777282715"/>
    <testcase classname="bifs" name="raw_bytes_to_v4_addr" time="0.8428339958190918"/>
    <testcase classname="bifs" name="remask_addr" time="0.7965214252471924"/>
    <testcase classname="bifs" name="records_fields" time="0.8229038715362549"/>
    <testcase classname="bifs" name="resize" time="0.8214085102081299"/>
    <testcase classname="bifs" name="create_file" time="1.8128631114959717"/>
    <testcase classname="bifs" name="rotate_file" time="0.8430273532867432"/>
    <testcase classname="bifs" name="reverse" time="0.8551356792449951"/>
    <testcase classname="bifs" name="rotate_file_by_name" time="0.8310937881469727"/>
    <testcase classname="bifs" name="routing0_data_to_addrs" time="0.840425968170166"/>
    <testcase classname="bifs" name="same_object" time="0.8225114345550537"/>
    <testcase classname="bifs" name="sha1" time="0.8188900947570801"/>
    <testcase classname="bifs" name="split_string" time="0.8020327091217041"/>
    <testcase classname="bifs" name="safe_shell_quote" time="0.8432655334472656"/>
    <testcase classname="bifs" name="sha256" time="0.8232612609863281"/>
    <testcase classname="bifs" name="rstrip" time="0.8619661331176758"/>
    <testcase classname="bifs" name="sort" time="0.847135066986084"/>
    <testcase classname="bifs" name="strcmp" time="0.8232815265655518"/>
    <testcase classname="bifs" name="strftime" time="0.8278400897979736"/>
    <testcase classname="bifs" name="string_fill" time="0.8443799018859863"/>
    <testcase classname="bifs" name="string_to_pattern" time="0.8313698768615723"/>
    <testcase classname="bifs" name="string_utils" time="0.854177713394165"/>
    <testcase classname="bifs" name="strip" time="0.8592138290405273"/>
    <testcase classname="bifs" name="sub" time="0.87038254737854"/>
    <testcase classname="bifs" name="strstr" time="0.8759551048278809"/>
    <testcase classname="bifs" name="strptime" time="0.8875904083251953"/>
    <testcase classname="bifs" name="subnet_version" time="0.8847355842590332"/>
    <testcase classname="bifs" name="system_env" time="0.8715715408325195"/>
    <testcase classname="bifs" name="system" time="0.87754225730896"/>
    <testcase classname="bifs" name="to_int" time="0.8422999382019043"/>
    <testcase classname="bifs" name="to_double" time="0.8606560230255127"/>
    <testcase classname="bifs" name="subst_string" time="0.9092481136322021"/>
    <testcase classname="bifs" name="hll_large_estimate" time="1.8946967124938965"/>
    <testcase classname="bifs" name="to_count" time="0.8727710247039795"/>
    <testcase classname="bifs" name="to_interval" time="0.8608925342559814"/>
    <testcase classname="bifs" name="dump_current_packet" time="2.080843210220337"/>
    <testcase classname="bifs" name="to_port" time="0.8562107086181641"/>
    <testcase classname="bifs" name="val_size" time="0.5480432510375977"/>
    <testcase classname="bifs" name="zeek_version" time="0.5341219902038574"/>
    <testcase classname="bifs" name="to_time" time="0.781531810760498"/>
    <testcase classname="broker" name="opaque" time="0.5667212009429932">
        <failure type="failure">  % 'zeek -b /home/ipid/nta-zeek-sources/zeek/testing/btest/.tmp/broker.opaque/opaque.zeek &gt;out' failed unexpectedly (exit code 139)
  % cat .stderr
  error: incompatible Bloom filter types
  Segmentation fault (core dumped)
</failure>
    </testcase>
    <testcase classname="bifs" name="piped_exec" time="1.5084505081176758"/>
    <testcase classname="bifs" name="type_name" time="0.74527907371521"/>
    <testcase classname="bifs" name="subnet_to_addr" time="1.1227476596832275"/>
    <testcase classname="bifs" name="type_aliases" time="0.772437334060669"/>
    <testcase classname="bifs" name="to_addr" time="1.115889549255371"/>
    <testcase classname="bifs" name="to_double_from_string" time="1.0836772918701172"/>
    <testcase classname="bifs" name="unique_id" time="0.7678391933441162"/>
    <testcase classname="bifs" name="zeek_args" time="0.73148512840271"/>
    <testcase classname="bifs" name="uuid_to_string" time="0.7563621997833252"/>
    <testcase classname="bifs" name="to_subnet" time="1.0107142925262451"/>
    <testcase classname="bifs" name="reading_traces" time="1.4841244220733643"/>
    <testcase classname="bifs" name="topk" time="0.8936357498168945"/>
    <testcase classname="broker.store" name="brokerstore-backend-invalid" time="0.4763779640197754"/>
    <testcase classname="bifs" name="unique_id-pools" time="0.9107372760772705"/>
    <testcase classname="broker.store" name="invalid-handle" time="0.4287605285644531"/>
    <testcase classname="bifs" name="unique_id-rnd" time="0.9933147430419922"/>
    <testcase classname="bifs" name="x509_verify" time="0.976391077041626"/>
    <testcase classname="core" name="check-unused-event-handlers" time="0.3861401081085205"/>
    <testcase classname="core" name="connection_flip_roles" time="0.3494536876678467"/>
    <testcase classname="core" name="enum-redef-exists" time="0.2884645462036133"/>
    <testcase classname="core" name="connection_status_update" time="0.35379552841186523"/>
    <testcase classname="core" name="conn-size-threshold" time="0.43964695930480957"/>
    <testcase classname="core" name="div-by-zero" time="0.3908519744873047"/>
    <testcase classname="core" name="embedded-null" time="0.39663124084472656"/>
    <testcase classname="core" name="dns-init" time="0.41272783279418945"/>
    <testcase classname="broker.store" name="brokerstore-backend-sqlite-incompatible" time="0.7397012710571289"/>
    <testcase classname="core" name="erspan" time="0.3934969902038574"/>
    <testcase classname="core" name="event-arg-reuse" time="0.3525543212890625"/>
    <testcase classname="broker.store" name="brokerstore-attr-persistence" time="1.000398874282837"/>
    <testcase classname="core" name="expired-conn-weird" time="0.4024055004119873"/>
    <testcase classname="core" name="erspanI" time="0.5623133182525635"/>
    <testcase classname="core" name="cisco-fabric-path" time="0.7577254772186279"/>
    <testcase classname="core" name="erspanII" time="0.5733664035797119"/>
    <testcase classname="core" name="erspanIII" time="0.5812735557556152"/>
    <testcase classname="bifs" name="rand" time="2.2153708934783936"/>
    <testcase classname="core" name="fake_dns" time="0.4356248378753662"/>
    <testcase classname="core" name="global_opaque_val" time="0.4318673610687256"/>
    <testcase classname="core" name="ether-addrs" time="0.6952733993530273"/>
    <testcase classname="core" name="disable-mobile-ipv6" time="0.8439393043518066"/>
    <testcase classname="core" name="checksums_ignore_nets" time="0.983513593673706"/>
    <testcase classname="core" name="history-flip" time="0.5254096984863281"/>
    <testcase classname="core" name="init-error" time="0.46982598304748535"/>
    <testcase classname="core.icmp" name="icmp_sent" time="0.5172243118286133"/>
    <testcase classname="core" name="expr-exception" time="0.7965524196624756"/>
    <testcase classname="core" name="conn-uid" time="1.1638941764831543"/>
    <testcase classname="core" name="ip-broken-header" time="0.5960941314697266"/>
    <testcase classname="core" name="ipv6-atomic-frag" time="0.5892279148101807"/>
    <testcase classname="core" name="mobile-ipv6-dst-opts" time="0.18457627296447754">
        <skipped type="skipped">  % 'grep -q &quot;#define ENABLE_MOBILE_IPV6&quot; $BUILD/zeek-config.h' failed unexpectedly (exit code 1)
  % cat .stderr
</skipped>
    </testcase>
    <testcase classname="core" name="ipv6-flow-labels" time="0.5672237873077393"/>
    <testcase classname="core" name="mobile-ipv6-home-addr" time="0.1788947582244873">
        <skipped type="skipped">  % 'grep -q &quot;#define ENABLE_MOBILE_IPV6&quot; $BUILD/zeek-config.h' failed unexpectedly (exit code 1)
  % cat .stderr
</skipped>
    </testcase>
    <testcase classname="broker.store" name="type-conversion" time="1.4522325992584229">
        <failure type="failure">  % 'btest-bg-wait 60' failed unexpectedly (exit code 1)
  % cat .stderr
  &lt;&lt;&lt; [81398] zeek -b /home/ipid/nta-zeek-sources/zeek/testing/btest/.tmp/broker.store.type-conversion/type-conversion.zeek &gt;out
  /home/ipid/nta-zeek-sources/zeek/auxil/btest/btest-bg-run-helper: line 26: 81470 Segmentation fault      (core dumped) zeek -b /home/ipid/nta-zeek-sources/zeek/testing/btest/.tmp/broker.store.type-conversion/type-conversion.zeek &gt; out
  &gt;&gt;&gt;
  &gt;&gt;&gt; process 81398 failed with exitcode 139: zeek -b /home/ipid/nta-zeek-sources/zeek/testing/btest/.tmp/broker.store.type-conversion/type-conversion.zeek &gt;out
</failure>
    </testcase>
    <testcase classname="core" name="mobile-ipv6-routing" time="0.17570877075195312">
        <skipped type="skipped">  % 'grep -q &quot;#define ENABLE_MOBILE_IPV6&quot; $BUILD/zeek-config.h' failed unexpectedly (exit code 1)
  % cat .stderr
</skipped>
    </testcase>
    <testcase classname="core" name="ipv6_esp" time="0.5694682598114014">
        <failure type="failure">  % 'btest-diff output' failed unexpectedly (exit code 1)
  % cat .diag
  == File ===============================
  == Diff ===============================
  --- /tmp/test-diff.86277.output.baseline.tmp	2022-12-08 14:14:02.612398230 +0000
  +++ /tmp/test-diff.86277.output.tmp	2022-12-08 14:14:02.596397597 +0000
  @@ -1,120 +0,0 @@
  -[class=0, flow=0, len=116, nxt=50, hlim=64, src=3ffe::1, dst=3ffe::2, exts=[[id=50, hopopts=&lt;uninitialized&gt;, dstopts=&lt;uninitialized&gt;, routing=&lt;uninitialized&gt;, fragment=&lt;uninitialized&gt;, ah=&lt;uninitialized&gt;, esp=[spi=10, seq=1], mobility=&lt;uninitialized&gt;]]]
  -[class=0, flow=0, len=116, nxt=50, hlim=64, src=3ffe::1, dst=3ffe::2, exts=[[id=50, hopopts=&lt;uninitialized&gt;, dstopts=&lt;uninitialized&gt;, routing=&lt;uninitialized&gt;, fragment=&lt;uninitialized&gt;, ah=&lt;uninitialized&gt;, esp=[spi=10, seq=2], mobility=&lt;uninitialized&gt;]]]
  -[class=0, flow=0, len=116, nxt=50, hlim=64, src=3ffe::1, dst=3ffe::2, exts=[[id=50, hopopts=&lt;uninitialized&gt;, dstopts=&lt;uninitialized&gt;, routing=&lt;uninitialized&gt;, fragment=&lt;uninitialized&gt;, ah=&lt;uninitialized&gt;, esp=[spi=10, seq=3], mobility=&lt;uninitialized&gt;]]]
  -[class=0, flow=0, len=116, nxt=50, hlim=64, src=3ffe::1, dst=3ffe::2, exts=[[id=50, hopopts=&lt;uninitialized&gt;, dstopts=&lt;uninitialized&gt;, routing=&lt;uninitialized&gt;, fragment=&lt;uninitialized&gt;, ah=&lt;uninitialized&gt;, esp=[spi=10, seq=4], mobility=&lt;uninitialized&gt;]]]
  -[class=0, flow=0, len=116, nxt=50, hlim=64, src=3ffe::1, dst=3ffe::2, exts=[[id=50, hopopts=&lt;uninitialized&gt;, dstopts=&lt;uninitialized&gt;, routing=&lt;uninitialized&gt;, fragment=&lt;uninitialized&gt;, ah=&lt;uninitialized&gt;, esp=[spi=10, seq=5], mobility=&lt;uninitialized&gt;]]]
  -[class=0, flow=0, len=116, nxt=50, hlim=64, src=3ffe::1, dst=3ffe::2, exts=[[id=50, hopopts=&lt;uninitialized&gt;, dstopts=&lt;uninitialized&gt;, routing=&lt;uninitialized&gt;, fragment=&lt;uninitialized&gt;, ah=&lt;uninitialized&gt;, esp=[spi=10, seq=6], mobility=&lt;uninitialized&gt;]]]
  -[class=0, flow=0, len=116, nxt=50, hlim=64, src=3ffe::1, dst=3ffe::2, exts=[[id=50, hopopts=&lt;uninitialized&gt;, dstopts=&lt;uninitialized&gt;, routing=&lt;uninitialized&gt;, fragment=&lt;uninitialized&gt;, ah=&lt;uninitialized&gt;, esp=[spi=10, seq=7], mobility=&lt;uninitialized&gt;]]]
  -[class=0, flow=0, len=116, nxt=50, hlim=64, src=3ffe::1, dst=3ffe::2, exts=[[id=50, hopopts=&lt;uninitialized&gt;, dstopts=&lt;uninitialized&gt;, routing=&lt;uninitialized&gt;, fragment=&lt;uninitialized&gt;, ah=&lt;uninitialized&gt;, esp=[spi=10, seq=8], mobility=&lt;uninitialized&gt;]]]
  -[class=0, flow=0, len=116, nxt=50, hlim=64, src=3ffe::1, dst=3ffe::2, exts=[[id=50, hopopts=&lt;uninitialized&gt;, dstopts=&lt;uninitialized&gt;, routing=&lt;uninitialized&gt;, fragment=&lt;uninitialized&gt;, ah=&lt;uninitialized&gt;, esp=[spi=10, seq=9], mobility=&lt;uninitialized&gt;]]]
  -[class=0, flow=0, len=116, nxt=50, hlim=64, src=3ffe::1, dst=3ffe::2, exts=[[id=50, hopopts=&lt;uninitialized&gt;, dstopts=&lt;uninitialized&gt;, routing=&lt;uninitialized&gt;, fragment=&lt;uninitialized&gt;, ah=&lt;uninitialized&gt;, esp=[spi=10, seq=10], mobility=&lt;uninitialized&gt;]]]
  -[class=0, flow=0, len=100, nxt=50, hlim=64, src=3ffe::1, dst=3ffe::3, exts=[[id=50, hopopts=&lt;uninitialized&gt;, dstopts=&lt;uninitialized&gt;, routing=&lt;uninitialized&gt;, fragment=&lt;uninitialized&gt;, ah=&lt;uninitialized&gt;, esp=[spi=11, seq=1], mobility=&lt;uninitialized&gt;]]]
  -[class=0, flow=0, len=100, nxt=50, hlim=64, src=3ffe::1, dst=3ffe::3, exts=[[id=50, hopopts=&lt;uninitialized&gt;, dstopts=&lt;uninitialized&gt;, routing=&lt;uninitialized&gt;, fragment=&lt;uninitialized&gt;, ah=&lt;uninitialized&gt;, esp=[spi=11, seq=2], mobility=&lt;uninitialized&gt;]]]
  -[class=0, flow=0, len=100, nxt=50, hlim=64, src=3ffe::1, dst=3ffe::3, exts=[[id=50, hopopts=&lt;uninitialized&gt;, dstopts=&lt;uninitialized&gt;, routing=&lt;uninitialized&gt;, fragment=&lt;uninitialized&gt;, ah=&lt;uninitialized&gt;, esp=[spi=11, seq=3], mobility=&lt;uninitialized&gt;]]]
  -[class=0, flow=0, len=100, nxt=50, hlim=64, src=3ffe::1, dst=3ffe::3, exts=[[id=50, hopopts=&lt;uninitialized&gt;, dstopts=&lt;uninitialized&gt;, routing=&lt;uninitialized&gt;, fragment=&lt;uninitialized&gt;, ah=&lt;uninitialized&gt;, esp=[spi=11, seq=4], mobility=&lt;uninitialized&gt;]]]
  -[class=0, flow=0, len=100, nxt=50, hlim=64, src=3ffe::1, dst=3ffe::3, exts=[[id=50, hopopts=&lt;uninitialized&gt;, dstopts=&lt;uninitialized&gt;, routing=&lt;uninitialized&gt;, fragment=&lt;uninitialized&gt;, ah=&lt;uninitialized&gt;, esp=[spi=11, seq=5], mobility=&lt;uninitialized&gt;]]]
  -[class=0, flow=0, len=100, nxt=50, hlim=64, src=3ffe::1, dst=3ffe::3, exts=[[id=50, hopopts=&lt;uninitialized&gt;, dstopts=&lt;uninitialized&gt;, routing=&lt;uninitialized&gt;, fragment=&lt;uninitialized&gt;, ah=&lt;uninitialized&gt;, esp=[spi=11, seq=6], mobility=&lt;uninitialized&gt;]]]
  -[class=0, flow=0, len=100, nxt=50, hlim=64, src=3ffe::1, dst=3ffe::3, exts=[[id=50, hopopts=&lt;uninitialized&gt;, dstopts=&lt;uninitialized&gt;, routing=&lt;uninitialized&gt;, fragment=&lt;uninitialized&gt;, ah=&lt;uninitialized&gt;, esp=[spi=11, seq=7], mobility=&lt;uninitialized&gt;]]]
  -[class=0, flow=0, len=100, nxt=50, hlim=64, src=3ffe::1, dst=3ffe::3, exts=[[id=50, hopopts=&lt;uninitialized&gt;, dstopts=&lt;uninitialized&gt;, routing=&lt;uninitialized&gt;, fragment=&lt;uninitialized&gt;, ah=&lt;uninitialized&gt;, esp=[spi=11, seq=8], mobility=&lt;uninitialized&gt;]]]
  -[class=0, flow=0, len=100, nxt=50, hlim=64, src=3ffe::1, dst=3ffe::3, exts=[[id=50, hopopts=&lt;uninitialized&gt;, dstopts=&lt;uninitialized&gt;, routing=&lt;uninitialized&gt;, fragment=&lt;uninitialized&gt;, ah=&lt;uninitialized&gt;, esp=[spi=11, seq=9], mobility=&lt;uninitialized&gt;]]]
  -[class=0, flow=0, len=100, nxt=50, hlim=64, src=3ffe::1, dst=3ffe::3, exts=[[id=50, hopopts=&lt;uninitialized&gt;, dstopts=&lt;uninitialized&gt;, routing=&lt;uninitialized&gt;, fragment=&lt;uninitialized&gt;, ah=&lt;uninitialized&gt;, esp=[spi=11, seq=10], mobility=&lt;uninitialized&gt;]]]
  -[class=0, flow=0, len=100, nxt=50, hlim=64, src=3ffe::1, dst=3ffe::4, exts=[[id=50, hopopts=&lt;uninitialized&gt;, dstopts=&lt;uninitialized&gt;, routing=&lt;uninitialized&gt;, fragment=&lt;uninitialized&gt;, ah=&lt;uninitialized&gt;, esp=[spi=12, seq=1], mobility=&lt;uninitialized&gt;]]]
  -[class=0, flow=0, len=100, nxt=50, hlim=64, src=3ffe::1, dst=3ffe::4, exts=[[id=50, hopopts=&lt;uninitialized&gt;, dstopts=&lt;uninitialized&gt;, routing=&lt;uninitialized&gt;, fragment=&lt;uninitialized&gt;, ah=&lt;uninitialized&gt;, esp=[spi=12, seq=2], mobility=&lt;uninitialized&gt;]]]
  -[class=0, flow=0, len=100, nxt=50, hlim=64, src=3ffe::1, dst=3ffe::4, exts=[[id=50, hopopts=&lt;uninitialized&gt;, dstopts=&lt;uninitialized&gt;, routing=&lt;uninitialized&gt;, fragment=&lt;uninitialized&gt;, ah=&lt;uninitialized&gt;, esp=[spi=12, seq=3], mobility=&lt;uninitialized&gt;]]]
  -[class=0, flow=0, len=100, nxt=50, hlim=64, src=3ffe::1, dst=3ffe::4, exts=[[id=50, hopopts=&lt;uninitialized&gt;, dstopts=&lt;uninitialized&gt;, routing=&lt;uninitialized&gt;, fragment=&lt;uninitialized&gt;, ah=&lt;uninitialized&gt;, esp=[spi=12, seq=4], mobility=&lt;uninitialized&gt;]]]
  -[class=0, flow=0, len=100, nxt=50, hlim=64, src=3ffe::1, dst=3ffe::4, exts=[[id=50, hopopts=&lt;uninitialized&gt;, dstopts=&lt;uninitialized&gt;, routing=&lt;uninitialized&gt;, fragment=&lt;uninitialized&gt;, ah=&lt;uninitialized&gt;, esp=[spi=12, seq=5], mobility=&lt;uninitialized&gt;]]]
  -[class=0, flow=0, len=100, nxt=50, hlim=64, src=3ffe::1, dst=3ffe::4, exts=[[id=50, hopopts=&lt;uninitialized&gt;, dstopts=&lt;uninitialized&gt;, routing=&lt;uninitialized&gt;, fragment=&lt;uninitialized&gt;, ah=&lt;uninitialized&gt;, esp=[spi=12, seq=6], mobility=&lt;uninitialized&gt;]]]
  -[class=0, flow=0, len=100, nxt=50, hlim=64, src=3ffe::1, dst=3ffe::4, exts=[[id=50, hopopts=&lt;uninitialized&gt;, dstopts=&lt;uninitialized&gt;, routing=&lt;uninitialized&gt;, fragment=&lt;uninitialized&gt;, ah=&lt;uninitialized&gt;, esp=[spi=12, seq=7], mobility=&lt;uninitialized&gt;]]]
  -[class=0, flow=0, len=100, nxt=50, hlim=64, src=3ffe::1, dst=3ffe::4, exts=[[id=50, hopopts=&lt;uninitialized&gt;, dstopts=&lt;uninitialized&gt;, routing=&lt;uninitialized&gt;, fragment=&lt;uninitialized&gt;, ah=&lt;uninitialized&gt;, esp=[spi=12, seq=8], mobility=&lt;uninitialized&gt;]]]
  -[class=0, flow=0, len=100, nxt=50, hlim=64, src=3ffe::1, dst=3ffe::4, exts=[[id=50, hopopts=&lt;uninitialized&gt;, dstopts=&lt;uninitialized&gt;, routing=&lt;uninitialized&gt;, fragment=&lt;uninitialized&gt;, ah=&lt;uninitialized&gt;, esp=[spi=12, seq=9], mobility=&lt;uninitialized&gt;]]]
  -[class=0, flow=0, len=100, nxt=50, hlim=64, src=3ffe::1, dst=3ffe::4, exts=[[id=50, hopopts=&lt;uninitialized&gt;, dstopts=&lt;uninitialized&gt;, routing=&lt;uninitialized&gt;, fragment=&lt;uninitialized&gt;, ah=&lt;uninitialized&gt;, esp=[spi=12, seq=10], mobility=&lt;uninitialized&gt;]]]
  -[class=0, flow=0, len=88, nxt=50, hlim=64, src=3ffe::1, dst=3ffe::5, exts=[[id=50, hopopts=&lt;uninitialized&gt;, dstopts=&lt;uninitialized&gt;, routing=&lt;uninitialized&gt;, fragment=&lt;uninitialized&gt;, ah=&lt;uninitialized&gt;, esp=[spi=13, seq=1], mobility=&lt;uninitialized&gt;]]]
  -[class=0, flow=0, len=88, nxt=50, hlim=64, src=3ffe::1, dst=3ffe::5, exts=[[id=50, hopopts=&lt;uninitialized&gt;, dstopts=&lt;uninitialized&gt;, routing=&lt;uninitialized&gt;, fragment=&lt;uninitialized&gt;, ah=&lt;uninitialized&gt;, esp=[spi=13, seq=2], mobility=&lt;uninitialized&gt;]]]
  -[class=0, flow=0, len=88, nxt=50, hlim=64, src=3ffe::1, dst=3ffe::5, exts=[[id=50, hopopts=&lt;uninitialized&gt;, dstopts=&lt;uninitialized&gt;, routing=&lt;uninitialized&gt;, fragment=&lt;uninitialized&gt;, ah=&lt;uninitialized&gt;, esp=[spi=13, seq=3], mobility=&lt;uninitialized&gt;]]]
  -[class=0, flow=0, len=88, nxt=50, hlim=64, src=3ffe::1, dst=3ffe::5, exts=[[id=50, hopopts=&lt;uninitialized&gt;, dstopts=&lt;uninitialized&gt;, routing=&lt;uninitialized&gt;, fragment=&lt;uninitialized&gt;, ah=&lt;uninitialized&gt;, esp=[spi=13, seq=4], mobility=&lt;uninitialized&gt;]]]
  -[class=0, flow=0, len=88, nxt=50, hlim=64, src=3ffe::1, dst=3ffe::5, exts=[[id=50, hopopts=&lt;uninitialized&gt;, dstopts=&lt;uninitialized&gt;, routing=&lt;uninitialized&gt;, fragment=&lt;uninitialized&gt;, ah=&lt;uninitialized&gt;, esp=[spi=13, seq=5], mobility=&lt;uninitialized&gt;]]]
  -[class=0, flow=0, len=88, nxt=50, hlim=64, src=3ffe::1, dst=3ffe::5, exts=[[id=50, hopopts=&lt;uninitialized&gt;, dstopts=&lt;uninitialized&gt;, routing=&lt;uninitialized&gt;, fragment=&lt;uninitialized&gt;, ah=&lt;uninitialized&gt;, esp=[spi=13, seq=6], mobility=&lt;uninitialized&gt;]]]
  -[class=0, flow=0, len=88, nxt=50, hlim=64, src=3ffe::1, dst=3ffe::5, exts=[[id=50, hopopts=&lt;uninitialized&gt;, dstopts=&lt;uninitialized&gt;, routing=&lt;uninitialized&gt;, fragment=&lt;uninitialized&gt;, ah=&lt;uninitialized&gt;, esp=[spi=13, seq=7], mobility=&lt;uninitialized&gt;]]]
  -[class=0, flow=0, len=88, nxt=50, hlim=64, src=3ffe::1, dst=3ffe::5, exts=[[id=50, hopopts=&lt;uninitialized&gt;, dstopts=&lt;uninitialized&gt;, routing=&lt;uninitialized&gt;, fragment=&lt;uninitialized&gt;, ah=&lt;uninitialized&gt;, esp=[spi=13, seq=8], mobility=&lt;uninitialized&gt;]]]
  -[class=0, flow=0, len=88, nxt=50, hlim=64, src=3ffe::1, dst=3ffe::5, exts=[[id=50, hopopts=&lt;uninitialized&gt;, dstopts=&lt;uninitialized&gt;, routing=&lt;uninitialized&gt;, fragment=&lt;uninitialized&gt;, ah=&lt;uninitialized&gt;, esp=[spi=13, seq=9], mobility=&lt;uninitialized&gt;]]]
  -[class=0, flow=0, len=88, nxt=50, hlim=64, src=3ffe::1, dst=3ffe::5, exts=[[id=50, hopopts=&lt;uninitialized&gt;, dstopts=&lt;uninitialized&gt;, routing=&lt;uninitialized&gt;, fragment=&lt;uninitialized&gt;, ah=&lt;uninitialized&gt;, esp=[spi=13, seq=10], mobility=&lt;uninitialized&gt;]]]
  -[class=0, flow=0, len=116, nxt=50, hlim=64, src=3ffe::1, dst=3ffe::12, exts=[[id=50, hopopts=&lt;uninitialized&gt;, dstopts=&lt;uninitialized&gt;, routing=&lt;uninitialized&gt;, fragment=&lt;uninitialized&gt;, ah=&lt;uninitialized&gt;, esp=[spi=10, seq=1], mobility=&lt;uninitialized&gt;]]]
  -[class=0, flow=0, len=116, nxt=50, hlim=64, src=3ffe::1, dst=3ffe::12, exts=[[id=50, hopopts=&lt;uninitialized&gt;, dstopts=&lt;uninitialized&gt;, routing=&lt;uninitialized&gt;, fragment=&lt;uninitialized&gt;, ah=&lt;uninitialized&gt;, esp=[spi=10, seq=2], mobility=&lt;uninitialized&gt;]]]
  -[class=0, flow=0, len=116, nxt=50, hlim=64, src=3ffe::1, dst=3ffe::12, exts=[[id=50, hopopts=&lt;uninitialized&gt;, dstopts=&lt;uninitialized&gt;, routing=&lt;uninitialized&gt;, fragment=&lt;uninitialized&gt;, ah=&lt;uninitialized&gt;, esp=[spi=10, seq=3], mobility=&lt;uninitialized&gt;]]]
  -[class=0, flow=0, len=116, nxt=50, hlim=64, src=3ffe::1, dst=3ffe::12, exts=[[id=50, hopopts=&lt;uninitialized&gt;, dstopts=&lt;uninitialized&gt;, routing=&lt;uninitialized&gt;, fragment=&lt;uninitialized&gt;, ah=&lt;uninitialized&gt;, esp=[spi=10, seq=4], mobility=&lt;uninitialized&gt;]]]
  -[class=0, flow=0, len=116, nxt=50, hlim=64, src=3ffe::1, dst=3ffe::12, exts=[[id=50, hopopts=&lt;uninitialized&gt;, dstopts=&lt;uninitialized&gt;, routing=&lt;uninitialized&gt;, fragment=&lt;uninitialized&gt;, ah=&lt;uninitialized&gt;, esp=[spi=10, seq=5], mobility=&lt;uninitialized&gt;]]]
  -[class=0, flow=0, len=116, nxt=50, hlim=64, src=3ffe::1, dst=3ffe::12, exts=[[id=50, hopopts=&lt;uninitialized&gt;, dstopts=&lt;uninitialized&gt;, routing=&lt;uninitialized&gt;, fragment=&lt;uninitialized&gt;, ah=&lt;uninitialized&gt;, esp=[spi=10, seq=6], mobility=&lt;uninitialized&gt;]]]
  -[class=0, flow=0, len=116, nxt=50, hlim=64, src=3ffe::1, dst=3ffe::12, exts=[[id=50, hopopts=&lt;uninitialized&gt;, dstopts=&lt;uninitialized&gt;, routing=&lt;uninitialized&gt;, fragment=&lt;uninitialized&gt;, ah=&lt;uninitialized&gt;, esp=[spi=10, seq=7], mobility=&lt;uninitialized&gt;]]]
  -[class=0, flow=0, len=116, nxt=50, hlim=64, src=3ffe::1, dst=3ffe::12, exts=[[id=50, hopopts=&lt;uninitialized&gt;, dstopts=&lt;uninitialized&gt;, routing=&lt;uninitialized&gt;, fragment=&lt;uninitialized&gt;, ah=&lt;uninitialized&gt;, esp=[spi=10, seq=8], mobility=&lt;uninitialized&gt;]]]
  -[class=0, flow=0, len=116, nxt=50, hlim=64, src=3ffe::1, dst=3ffe::12, exts=[[id=50, hopopts=&lt;uninitialized&gt;, dstopts=&lt;uninitialized&gt;, routing=&lt;uninitialized&gt;, fragment=&lt;uninitialized&gt;, ah=&lt;uninitialized&gt;, esp=[spi=10, seq=9], mobility=&lt;uninitialized&gt;]]]
  -[class=0, flow=0, len=116, nxt=50, hlim=64, src=3ffe::1, dst=3ffe::12, exts=[[id=50, hopopts=&lt;uninitialized&gt;, dstopts=&lt;uninitialized&gt;, routing=&lt;uninitialized&gt;, fragment=&lt;uninitialized&gt;, ah=&lt;uninitialized&gt;, esp=[spi=10, seq=10], mobility=&lt;uninitialized&gt;]]]
  -[class=0, flow=0, len=100, nxt=50, hlim=64, src=3ffe::1, dst=3ffe::13, exts=[[id=50, hopopts=&lt;uninitialized&gt;, dstopts=&lt;uninitialized&gt;, routing=&lt;uninitialized&gt;, fragment=&lt;uninitialized&gt;, ah=&lt;uninitialized&gt;, esp=[spi=11, seq=1], mobility=&lt;uninitialized&gt;]]]
  -[class=0, flow=0, len=100, nxt=50, hlim=64, src=3ffe::1, dst=3ffe::13, exts=[[id=50, hopopts=&lt;uninitialized&gt;, dstopts=&lt;uninitialized&gt;, routing=&lt;uninitialized&gt;, fragment=&lt;uninitialized&gt;, ah=&lt;uninitialized&gt;, esp=[spi=11, seq=2], mobility=&lt;uninitialized&gt;]]]
  -[class=0, flow=0, len=100, nxt=50, hlim=64, src=3ffe::1, dst=3ffe::13, exts=[[id=50, hopopts=&lt;uninitialized&gt;, dstopts=&lt;uninitialized&gt;, routing=&lt;uninitialized&gt;, fragment=&lt;uninitialized&gt;, ah=&lt;uninitialized&gt;, esp=[spi=11, seq=3], mobility=&lt;uninitialized&gt;]]]
  -[class=0, flow=0, len=100, nxt=50, hlim=64, src=3ffe::1, dst=3ffe::13, exts=[[id=50, hopopts=&lt;uninitialized&gt;, dstopts=&lt;uninitialized&gt;, routing=&lt;uninitialized&gt;, fragment=&lt;uninitialized&gt;, ah=&lt;uninitialized&gt;, esp=[spi=11, seq=4], mobility=&lt;uninitialized&gt;]]]
  -[class=0, flow=0, len=100, nxt=50, hlim=64, src=3ffe::1, dst=3ffe::13, exts=[[id=50, hopopts=&lt;uninitialized&gt;, dstopts=&lt;uninitialized&gt;, routing=&lt;uninitialized&gt;, fragment=&lt;uninitialized&gt;, ah=&lt;uninitialized&gt;, esp=[spi=11, seq=5], mobility=&lt;uninitialized&gt;]]]
  -[class=0, flow=0, len=100, nxt=50, hlim=64, src=3ffe::1, dst=3ffe::13, exts=[[id=50, hopopts=&lt;uninitialized&gt;, dstopts=&lt;uninitialized&gt;, routing=&lt;uninitialized&gt;, fragment=&lt;uninitialized&gt;, ah=&lt;uninitialized&gt;, esp=[spi=11, seq=6], mobility=&lt;uninitialized&gt;]]]
  -[class=0, flow=0, len=100, nxt=50, hlim=64, src=3ffe::1, dst=3ffe::13, exts=[[id=50, hopopts=&lt;uninitialized&gt;, dstopts=&lt;uninitialized&gt;, routing=&lt;uninitialized&gt;, fragment=&lt;uninitialized&gt;, ah=&lt;uninitialized&gt;, esp=[spi=11, seq=7], mobility=&lt;uninitialized&gt;]]]
  -[class=0, flow=0, len=100, nxt=50, hlim=64, src=3ffe::1, dst=3ffe::13, exts=[[id=50, hopopts=&lt;uninitialized&gt;, dstopts=&lt;uninitialized&gt;, routing=&lt;uninitialized&gt;, fragment=&lt;uninitialized&gt;, ah=&lt;uninitialized&gt;, esp=[spi=11, seq=8], mobility=&lt;uninitialized&gt;]]]
  -[class=0, flow=0, len=100, nxt=50, hlim=64, src=3ffe::1, dst=3ffe::13, exts=[[id=50, hopopts=&lt;uninitialized&gt;, dstopts=&lt;uninitialized&gt;, routing=&lt;uninitialized&gt;, fragment=&lt;uninitialized&gt;, ah=&lt;uninitialized&gt;, esp=[spi=11, seq=9], mobility=&lt;uninitialized&gt;]]]
  -[class=0, flow=0, len=100, nxt=50, hlim=64, src=3ffe::1, dst=3ffe::13, exts=[[id=50, hopopts=&lt;uninitialized&gt;, dstopts=&lt;uninitialized&gt;, routing=&lt;uninitialized&gt;, fragment=&lt;uninitialized&gt;, ah=&lt;uninitialized&gt;, esp=[spi=11, seq=10], mobility=&lt;uninitialized&gt;]]]
  -[class=0, flow=0, len=100, nxt=50, hlim=64, src=3ffe::1, dst=3ffe::14, exts=[[id=50, hopopts=&lt;uninitialized&gt;, dstopts=&lt;uninitialized&gt;, routing=&lt;uninitialized&gt;, fragment=&lt;uninitialized&gt;, ah=&lt;uninitialized&gt;, esp=[spi=12, seq=1], mobility=&lt;uninitialized&gt;]]]
  -[class=0, flow=0, len=100, nxt=50, hlim=64, src=3ffe::1, dst=3ffe::14, exts=[[id=50, hopopts=&lt;uninitialized&gt;, dstopts=&lt;uninitialized&gt;, routing=&lt;uninitialized&gt;, fragment=&lt;uninitialized&gt;, ah=&lt;uninitialized&gt;, esp=[spi=12, seq=2], mobility=&lt;uninitialized&gt;]]]
  -[class=0, flow=0, len=100, nxt=50, hlim=64, src=3ffe::1, dst=3ffe::14, exts=[[id=50, hopopts=&lt;uninitialized&gt;, dstopts=&lt;uninitialized&gt;, routing=&lt;uninitialized&gt;, fragment=&lt;uninitialized&gt;, ah=&lt;uninitialized&gt;, esp=[spi=12, seq=3], mobility=&lt;uninitialized&gt;]]]
  -[class=0, flow=0, len=100, nxt=50, hlim=64, src=3ffe::1, dst=3ffe::14, exts=[[id=50, hopopts=&lt;uninitialized&gt;, dstopts=&lt;uninitialized&gt;, routing=&lt;uninitialized&gt;, fragment=&lt;uninitialized&gt;, ah=&lt;uninitialized&gt;, esp=[spi=12, seq=4], mobility=&lt;uninitialized&gt;]]]
  -[class=0, flow=0, len=100, nxt=50, hlim=64, src=3ffe::1, dst=3ffe::14, exts=[[id=50, hopopts=&lt;uninitialized&gt;, dstopts=&lt;uninitialized&gt;, routing=&lt;uninitialized&gt;, fragment=&lt;uninitialized&gt;, ah=&lt;uninitialized&gt;, esp=[spi=12, seq=5], mobility=&lt;uninitialized&gt;]]]
  -[class=0, flow=0, len=100, nxt=50, hlim=64, src=3ffe::1, dst=3ffe::14, exts=[[id=50, hopopts=&lt;uninitialized&gt;, dstopts=&lt;uninitialized&gt;, routing=&lt;uninitialized&gt;, fragment=&lt;uninitialized&gt;, ah=&lt;uninitialized&gt;, esp=[spi=12, seq=6], mobility=&lt;uninitialized&gt;]]]
  -[class=0, flow=0, len=100, nxt=50, hlim=64, src=3ffe::1, dst=3ffe::14, exts=[[id=50, hopopts=&lt;uninitialized&gt;, dstopts=&lt;uninitialized&gt;, routing=&lt;uninitialized&gt;, fragment=&lt;uninitialized&gt;, ah=&lt;uninitialized&gt;, esp=[spi=12, seq=7], mobility=&lt;uninitialized&gt;]]]
  -[class=0, flow=0, len=100, nxt=50, hlim=64, src=3ffe::1, dst=3ffe::14, exts=[[id=50, hopopts=&lt;uninitialized&gt;, dstopts=&lt;uninitialized&gt;, routing=&lt;uninitialized&gt;, fragment=&lt;uninitialized&gt;, ah=&lt;uninitialized&gt;, esp=[spi=12, seq=8], mobility=&lt;uninitialized&gt;]]]
  -[class=0, flow=0, len=100, nxt=50, hlim=64, src=3ffe::1, dst=3ffe::14, exts=[[id=50, hopopts=&lt;uninitialized&gt;, dstopts=&lt;uninitialized&gt;, routing=&lt;uninitialized&gt;, fragment=&lt;uninitialized&gt;, ah=&lt;uninitialized&gt;, esp=[spi=12, seq=9], mobility=&lt;uninitialized&gt;]]]
  -[class=0, flow=0, len=100, nxt=50, hlim=64, src=3ffe::1, dst=3ffe::14, exts=[[id=50, hopopts=&lt;uninitialized&gt;, dstopts=&lt;uninitialized&gt;, routing=&lt;uninitialized&gt;, fragment=&lt;uninitialized&gt;, ah=&lt;uninitialized&gt;, esp=[spi=12, seq=10], mobility=&lt;uninitialized&gt;]]]
  -[class=0, flow=0, len=88, nxt=50, hlim=64, src=3ffe::1, dst=3ffe::15, exts=[[id=50, hopopts=&lt;uninitialized&gt;, dstopts=&lt;uninitialized&gt;, routing=&lt;uninitialized&gt;, fragment=&lt;uninitialized&gt;, ah=&lt;uninitialized&gt;, esp=[spi=13, seq=1], mobility=&lt;uninitialized&gt;]]]
  -[class=0, flow=0, len=88, nxt=50, hlim=64, src=3ffe::1, dst=3ffe::15, exts=[[id=50, hopopts=&lt;uninitialized&gt;, dstopts=&lt;uninitialized&gt;, routing=&lt;uninitialized&gt;, fragment=&lt;uninitialized&gt;, ah=&lt;uninitialized&gt;, esp=[spi=13, seq=2], mobility=&lt;uninitialized&gt;]]]
  -[class=0, flow=0, len=88, nxt=50, hlim=64, src=3ffe::1, dst=3ffe::15, exts=[[id=50, hopopts=&lt;uninitialized&gt;, dstopts=&lt;uninitialized&gt;, routing=&lt;uninitialized&gt;, fragment=&lt;uninitialized&gt;, ah=&lt;uninitialized&gt;, esp=[spi=13, seq=3], mobility=&lt;uninitialized&gt;]]]
  -[class=0, flow=0, len=88, nxt=50, hlim=64, src=3ffe::1, dst=3ffe::15, exts=[[id=50, hopopts=&lt;uninitialized&gt;, dstopts=&lt;uninitialized&gt;, routing=&lt;uninitialized&gt;, fragment=&lt;uninitialized&gt;, ah=&lt;uninitialized&gt;, esp=[spi=13, seq=4], mobility=&lt;uninitialized&gt;]]]
  -[class=0, flow=0, len=88, nxt=50, hlim=64, src=3ffe::1, dst=3ffe::15, exts=[[id=50, hopopts=&lt;uninitialized&gt;, dstopts=&lt;uninitialized&gt;, routing=&lt;uninitialized&gt;, fragment=&lt;uninitialized&gt;, ah=&lt;uninitialized&gt;, esp=[spi=13, seq=5], mobility=&lt;uninitialized&gt;]]]
  -[class=0, flow=0, len=88, nxt=50, hlim=64, src=3ffe::1, dst=3ffe::15, exts=[[id=50, hopopts=&lt;uninitialized&gt;, dstopts=&lt;uninitialized&gt;, routing=&lt;uninitialized&gt;, fragment=&lt;uninitialized&gt;, ah=&lt;uninitialized&gt;, esp=[spi=13, seq=6], mobility=&lt;uninitialized&gt;]]]
  -[class=0, flow=0, len=88, nxt=50, hlim=64, src=3ffe::1, dst=3ffe::15, exts=[[id=50, hopopts=&lt;uninitialized&gt;, dstopts=&lt;uninitialized&gt;, routing=&lt;uninitialized&gt;, fragment=&lt;uninitialized&gt;, ah=&lt;uninitialized&gt;, esp=[spi=13, seq=7], mobility=&lt;uninitialized&gt;]]]
  -[class=0, flow=0, len=88, nxt=50, hlim=64, src=3ffe::1, dst=3ffe::15, exts=[[id=50, hopopts=&lt;uninitialized&gt;, dstopts=&lt;uninitialized&gt;, routing=&lt;uninitialized&gt;, fragment=&lt;uninitialized&gt;, ah=&lt;uninitialized&gt;, esp=[spi=13, seq=8], mobility=&lt;uninitialized&gt;]]]
  -[class=0, flow=0, len=88, nxt=50, hlim=64, src=3ffe::1, dst=3ffe::15, exts=[[id=50, hopopts=&lt;uninitialized&gt;, dstopts=&lt;uninitialized&gt;, routing=&lt;uninitialized&gt;, fragment=&lt;uninitialized&gt;, ah=&lt;uninitialized&gt;, esp=[spi=13, seq=9], mobility=&lt;uninitialized&gt;]]]
  -[class=0, flow=0, len=88, nxt=50, hlim=64, src=3ffe::1, dst=3ffe::15, exts=[[id=50, hopopts=&lt;uninitialized&gt;, dstopts=&lt;uninitialized&gt;, routing=&lt;uninitialized&gt;, fragment=&lt;uninitialized&gt;, ah=&lt;uninitialized&gt;, esp=[spi=13, seq=10], mobility=&lt;uninitialized&gt;]]]
  -[class=0, flow=0, len=104, nxt=50, hlim=64, src=3ffe::1, dst=3ffe::22, exts=[[id=50, hopopts=&lt;uninitialized&gt;, dstopts=&lt;uninitialized&gt;, routing=&lt;uninitialized&gt;, fragment=&lt;uninitialized&gt;, ah=&lt;uninitialized&gt;, esp=[spi=20, seq=1], mobility=&lt;uninitialized&gt;]]]
  -[class=0, flow=0, len=104, nxt=50, hlim=64, src=3ffe::1, dst=3ffe::22, exts=[[id=50, hopopts=&lt;uninitialized&gt;, dstopts=&lt;uninitialized&gt;, routing=&lt;uninitialized&gt;, fragment=&lt;uninitialized&gt;, ah=&lt;uninitialized&gt;, esp=[spi=20, seq=2], mobility=&lt;uninitialized&gt;]]]
  -[class=0, flow=0, len=104, nxt=50, hlim=64, src=3ffe::1, dst=3ffe::22, exts=[[id=50, hopopts=&lt;uninitialized&gt;, dstopts=&lt;uninitialized&gt;, routing=&lt;uninitialized&gt;, fragment=&lt;uninitialized&gt;, ah=&lt;uninitialized&gt;, esp=[spi=20, seq=3], mobility=&lt;uninitialized&gt;]]]
  -[class=0, flow=0, len=104, nxt=50, hlim=64, src=3ffe::1, dst=3ffe::22, exts=[[id=50, hopopts=&lt;uninitialized&gt;, dstopts=&lt;uninitialized&gt;, routing=&lt;uninitialized&gt;, fragment=&lt;uninitialized&gt;, ah=&lt;uninitialized&gt;, esp=[spi=20, seq=4], mobility=&lt;uninitialized&gt;]]]
  -[class=0, flow=0, len=104, nxt=50, hlim=64, src=3ffe::1, dst=3ffe::22, exts=[[id=50, hopopts=&lt;uninitialized&gt;, dstopts=&lt;uninitialized&gt;, routing=&lt;uninitialized&gt;, fragment=&lt;uninitialized&gt;, ah=&lt;uninitialized&gt;, esp=[spi=20, seq=5], mobility=&lt;uninitialized&gt;]]]
  -[class=0, flow=0, len=104, nxt=50, hlim=64, src=3ffe::1, dst=3ffe::22, exts=[[id=50, hopopts=&lt;uninitialized&gt;, dstopts=&lt;uninitialized&gt;, routing=&lt;uninitialized&gt;, fragment=&lt;uninitialized&gt;, ah=&lt;uninitialized&gt;, esp=[spi=20, seq=6], mobility=&lt;uninitialized&gt;]]]
  -[class=0, flow=0, len=104, nxt=50, hlim=64, src=3ffe::1, dst=3ffe::22, exts=[[id=50, hopopts=&lt;uninitialized&gt;, dstopts=&lt;uninitialized&gt;, routing=&lt;uninitialized&gt;, fragment=&lt;uninitialized&gt;, ah=&lt;uninitialized&gt;, esp=[spi=20, seq=7], mobility=&lt;uninitialized&gt;]]]
  -[class=0, flow=0, len=104, nxt=50, hlim=64, src=3ffe::1, dst=3ffe::22, exts=[[id=50, hopopts=&lt;uninitialized&gt;, dstopts=&lt;uninitialized&gt;, routing=&lt;uninitialized&gt;, fragment=&lt;uninitialized&gt;, ah=&lt;uninitialized&gt;, esp=[spi=20, seq=8], mobility=&lt;uninitialized&gt;]]]
  -[class=0, flow=0, len=104, nxt=50, hlim=64, src=3ffe::1, dst=3ffe::22, exts=[[id=50, hopopts=&lt;uninitialized&gt;, dstopts=&lt;uninitialized&gt;, routing=&lt;uninitialized&gt;, fragment=&lt;uninitialized&gt;, ah=&lt;uninitialized&gt;, esp=[spi=20, seq=9], mobility=&lt;uninitialized&gt;]]]
  -[class=0, flow=0, len=104, nxt=50, hlim=64, src=3ffe::1, dst=3ffe::22, exts=[[id=50, hopopts=&lt;uninitialized&gt;, dstopts=&lt;uninitialized&gt;, routing=&lt;uninitialized&gt;, fragment=&lt;uninitialized&gt;, ah=&lt;uninitialized&gt;, esp=[spi=20, seq=10], mobility=&lt;uninitialized&gt;]]]
  -[class=0, flow=0, len=88, nxt=50, hlim=64, src=3ffe::1, dst=3ffe::23, exts=[[id=50, hopopts=&lt;uninitialized&gt;, dstopts=&lt;uninitialized&gt;, routing=&lt;uninitialized&gt;, fragment=&lt;uninitialized&gt;, ah=&lt;uninitialized&gt;, esp=[spi=21, seq=1], mobility=&lt;uninitialized&gt;]]]
  -[class=0, flow=0, len=88, nxt=50, hlim=64, src=3ffe::1, dst=3ffe::23, exts=[[id=50, hopopts=&lt;uninitialized&gt;, dstopts=&lt;uninitialized&gt;, routing=&lt;uninitialized&gt;, fragment=&lt;uninitialized&gt;, ah=&lt;uninitialized&gt;, esp=[spi=21, seq=2], mobility=&lt;uninitialized&gt;]]]
  -[class=0, flow=0, len=88, nxt=50, hlim=64, src=3ffe::1, dst=3ffe::23, exts=[[id=50, hopopts=&lt;uninitialized&gt;, dstopts=&lt;uninitialized&gt;, routing=&lt;uninitialized&gt;, fragment=&lt;uninitialized&gt;, ah=&lt;uninitialized&gt;, esp=[spi=21, seq=3], mobility=&lt;uninitialized&gt;]]]
  -[class=0, flow=0, len=88, nxt=50, hlim=64, src=3ffe::1, dst=3ffe::23, exts=[[id=50, hopopts=&lt;uninitialized&gt;, dstopts=&lt;uninitialized&gt;, routing=&lt;uninitialized&gt;, fragment=&lt;uninitialized&gt;, ah=&lt;uninitialized&gt;, esp=[spi=21, seq=4], mobility=&lt;uninitialized&gt;]]]
  -[class=0, flow=0, len=88, nxt=50, hlim=64, src=3ffe::1, dst=3ffe::23, exts=[[id=50, hopopts=&lt;uninitialized&gt;, dstopts=&lt;uninitialized&gt;, routing=&lt;uninitialized&gt;, fragment=&lt;uninitialized&gt;, ah=&lt;uninitialized&gt;, esp=[spi=21, seq=5], mobility=&lt;uninitialized&gt;]]]
  -[class=0, flow=0, len=88, nxt=50, hlim=64, src=3ffe::1, dst=3ffe::23, exts=[[id=50, hopopts=&lt;uninitialized&gt;, dstopts=&lt;uninitialized&gt;, routing=&lt;uninitialized&gt;, fragment=&lt;uninitialized&gt;, ah=&lt;uninitialized&gt;, esp=[spi=21, seq=6], mobility=&lt;uninitialized&gt;]]]
  -[class=0, flow=0, len=88, nxt=50, hlim=64, src=3ffe::1, dst=3ffe::23, exts=[[id=50, hopopts=&lt;uninitialized&gt;, dstopts=&lt;uninitialized&gt;, routing=&lt;uninitialized&gt;, fragment=&lt;uninitialized&gt;, ah=&lt;uninitialized&gt;, esp=[spi=21, seq=7], mobility=&lt;uninitialized&gt;]]]
  -[class=0, flow=0, len=88, nxt=50, hlim=64, src=3ffe::1, dst=3ffe::23, exts=[[id=50, hopopts=&lt;uninitialized&gt;, dstopts=&lt;uninitialized&gt;, routing=&lt;uninitialized&gt;, fragment=&lt;uninitialized&gt;, ah=&lt;uninitialized&gt;, esp=[spi=21, seq=8], mobility=&lt;uninitialized&gt;]]]
  -[class=0, flow=0, len=88, nxt=50, hlim=64, src=3ffe::1, dst=3ffe::23, exts=[[id=50, hopopts=&lt;uninitialized&gt;, dstopts=&lt;uninitialized&gt;, routing=&lt;uninitialized&gt;, fragment=&lt;uninitialized&gt;, ah=&lt;uninitialized&gt;, esp=[spi=21, seq=9], mobility=&lt;uninitialized&gt;]]]
  -[class=0, flow=0, len=88, nxt=50, hlim=64, src=3ffe::1, dst=3ffe::23, exts=[[id=50, hopopts=&lt;uninitialized&gt;, dstopts=&lt;uninitialized&gt;, routing=&lt;uninitialized&gt;, fragment=&lt;uninitialized&gt;, ah=&lt;uninitialized&gt;, esp=[spi=21, seq=10], mobility=&lt;uninitialized&gt;]]]
  -[class=0, flow=0, len=88, nxt=50, hlim=64, src=3ffe::1, dst=3ffe::24, exts=[[id=50, hopopts=&lt;uninitialized&gt;, dstopts=&lt;uninitialized&gt;, routing=&lt;uninitialized&gt;, fragment=&lt;uninitialized&gt;, ah=&lt;uninitialized&gt;, esp=[spi=22, seq=1], mobility=&lt;uninitialized&gt;]]]
  -[class=0, flow=0, len=88, nxt=50, hlim=64, src=3ffe::1, dst=3ffe::24, exts=[[id=50, hopopts=&lt;uninitialized&gt;, dstopts=&lt;uninitialized&gt;, routing=&lt;uninitialized&gt;, fragment=&lt;uninitialized&gt;, ah=&lt;uninitialized&gt;, esp=[spi=22, seq=2], mobility=&lt;uninitialized&gt;]]]
  -[class=0, flow=0, len=88, nxt=50, hlim=64, src=3ffe::1, dst=3ffe::24, exts=[[id=50, hopopts=&lt;uninitialized&gt;, dstopts=&lt;uninitialized&gt;, routing=&lt;uninitialized&gt;, fragment=&lt;uninitialized&gt;, ah=&lt;uninitialized&gt;, esp=[spi=22, seq=3], mobility=&lt;uninitialized&gt;]]]
  -[class=0, flow=0, len=88, nxt=50, hlim=64, src=3ffe::1, dst=3ffe::24, exts=[[id=50, hopopts=&lt;uninitialized&gt;, dstopts=&lt;uninitialized&gt;, routing=&lt;uninitialized&gt;, fragment=&lt;uninitialized&gt;, ah=&lt;uninitialized&gt;, esp=[spi=22, seq=4], mobility=&lt;uninitialized&gt;]]]
  -[class=0, flow=0, len=88, nxt=50, hlim=64, src=3ffe::1, dst=3ffe::24, exts=[[id=50, hopopts=&lt;uninitialized&gt;, dstopts=&lt;uninitialized&gt;, routing=&lt;uninitialized&gt;, fragment=&lt;uninitialized&gt;, ah=&lt;uninitialized&gt;, esp=[spi=22, seq=5], mobility=&lt;uninitialized&gt;]]]
  -[class=0, flow=0, len=88, nxt=50, hlim=64, src=3ffe::1, dst=3ffe::24, exts=[[id=50, hopopts=&lt;uninitialized&gt;, dstopts=&lt;uninitialized&gt;, routing=&lt;uninitialized&gt;, fragment=&lt;uninitialized&gt;, ah=&lt;uninitialized&gt;, esp=[spi=22, seq=6], mobility=&lt;uninitialized&gt;]]]
  -[class=0, flow=0, len=88, nxt=50, hlim=64, src=3ffe::1, dst=3ffe::24, exts=[[id=50, hopopts=&lt;uninitialized&gt;, dstopts=&lt;uninitialized&gt;, routing=&lt;uninitialized&gt;, fragment=&lt;uninitialized&gt;, ah=&lt;uninitialized&gt;, esp=[spi=22, seq=7], mobility=&lt;uninitialized&gt;]]]
  -[class=0, flow=0, len=88, nxt=50, hlim=64, src=3ffe::1, dst=3ffe::24, exts=[[id=50, hopopts=&lt;uninitialized&gt;, dstopts=&lt;uninitialized&gt;, routing=&lt;uninitialized&gt;, fragment=&lt;uninitialized&gt;, ah=&lt;uninitialized&gt;, esp=[spi=22, seq=8], mobility=&lt;uninitialized&gt;]]]
  -[class=0, flow=0, len=88, nxt=50, hlim=64, src=3ffe::1, dst=3ffe::24, exts=[[id=50, hopopts=&lt;uninitialized&gt;, dstopts=&lt;uninitialized&gt;, routing=&lt;uninitialized&gt;, fragment=&lt;uninitialized&gt;, ah=&lt;uninitialized&gt;, esp=[spi=22, seq=9], mobility=&lt;uninitialized&gt;]]]
  -[class=0, flow=0, len=88, nxt=50, hlim=64, src=3ffe::1, dst=3ffe::24, exts=[[id=50, hopopts=&lt;uninitialized&gt;, dstopts=&lt;uninitialized&gt;, routing=&lt;uninitialized&gt;, fragment=&lt;uninitialized&gt;, ah=&lt;uninitialized&gt;, esp=[spi=22, seq=10], mobility=&lt;uninitialized&gt;]]]
  -[class=0, flow=0, len=76, nxt=50, hlim=64, src=3ffe::1, dst=3ffe::25, exts=[[id=50, hopopts=&lt;uninitialized&gt;, dstopts=&lt;uninitialized&gt;, routing=&lt;uninitialized&gt;, fragment=&lt;uninitialized&gt;, ah=&lt;uninitialized&gt;, esp=[spi=23, seq=1], mobility=&lt;uninitialized&gt;]]]
  -[class=0, flow=0, len=76, nxt=50, hlim=64, src=3ffe::1, dst=3ffe::25, exts=[[id=50, hopopts=&lt;uninitialized&gt;, dstopts=&lt;uninitialized&gt;, routing=&lt;uninitialized&gt;, fragment=&lt;uninitialized&gt;, ah=&lt;uninitialized&gt;, esp=[spi=23, seq=2], mobility=&lt;uninitialized&gt;]]]
  -[class=0, flow=0, len=76, nxt=50, hlim=64, src=3ffe::1, dst=3ffe::25, exts=[[id=50, hopopts=&lt;uninitialized&gt;, dstopts=&lt;uninitialized&gt;, routing=&lt;uninitialized&gt;, fragment=&lt;uninitialized&gt;, ah=&lt;uninitialized&gt;, esp=[spi=23, seq=3], mobility=&lt;uninitialized&gt;]]]
  -[class=0, flow=0, len=76, nxt=50, hlim=64, src=3ffe::1, dst=3ffe::25, exts=[[id=50, hopopts=&lt;uninitialized&gt;, dstopts=&lt;uninitialized&gt;, routing=&lt;uninitialized&gt;, fragment=&lt;uninitialized&gt;, ah=&lt;uninitialized&gt;, esp=[spi=23, seq=4], mobility=&lt;uninitialized&gt;]]]
  -[class=0, flow=0, len=76, nxt=50, hlim=64, src=3ffe::1, dst=3ffe::25, exts=[[id=50, hopopts=&lt;uninitialized&gt;, dstopts=&lt;uninitialized&gt;, routing=&lt;uninitialized&gt;, fragment=&lt;uninitialized&gt;, ah=&lt;uninitialized&gt;, esp=[spi=23, seq=5], mobility=&lt;uninitialized&gt;]]]
  -[class=0, flow=0, len=76, nxt=50, hlim=64, src=3ffe::1, dst=3ffe::25, exts=[[id=50, hopopts=&lt;uninitialized&gt;, dstopts=&lt;uninitialized&gt;, routing=&lt;uninitialized&gt;, fragment=&lt;uninitialized&gt;, ah=&lt;uninitialized&gt;, esp=[spi=23, seq=6], mobility=&lt;uninitialized&gt;]]]
  -[class=0, flow=0, len=76, nxt=50, hlim=64, src=3ffe::1, dst=3ffe::25, exts=[[id=50, hopopts=&lt;uninitialized&gt;, dstopts=&lt;uninitialized&gt;, routing=&lt;uninitialized&gt;, fragment=&lt;uninitialized&gt;, ah=&lt;uninitialized&gt;, esp=[spi=23, seq=7], mobility=&lt;uninitialized&gt;]]]
  -[class=0, flow=0, len=76, nxt=50, hlim=64, src=3ffe::1, dst=3ffe::25, exts=[[id=50, hopopts=&lt;uninitialized&gt;, dstopts=&lt;uninitialized&gt;, routing=&lt;uninitialized&gt;, fragment=&lt;uninitialized&gt;, ah=&lt;uninitialized&gt;, esp=[spi=23, seq=8], mobility=&lt;uninitialized&gt;]]]
  -[class=0, flow=0, len=76, nxt=50, hlim=64, src=3ffe::1, dst=3ffe::25, exts=[[id=50, hopopts=&lt;uninitialized&gt;, dstopts=&lt;uninitialized&gt;, routing=&lt;uninitialized&gt;, fragment=&lt;uninitialized&gt;, ah=&lt;uninitialized&gt;, esp=[spi=23, seq=9], mobility=&lt;uninitialized&gt;]]]
  -[class=0, flow=0, len=76, nxt=50, hlim=64, src=3ffe::1, dst=3ffe::25, exts=[[id=50, hopopts=&lt;uninitialized&gt;, dstopts=&lt;uninitialized&gt;, routing=&lt;uninitialized&gt;, fragment=&lt;uninitialized&gt;, ah=&lt;uninitialized&gt;, esp=[spi=23, seq=10], mobility=&lt;uninitialized&gt;]]]
  =======================================
  % cat .stderr
</failure>
    </testcase>
    <testcase classname="core" name="ipv6_zero_len_ah" time="0.5619776248931885"/>
    <testcase classname="core" name="ipv6_ext_headers" time="0.5730071067810059"/>
    <testcase classname="core" name="mobility-checksums" time="0.16749072074890137">
        <skipped type="skipped">  % 'grep -q &quot;#define ENABLE_MOBILE_IPV6&quot; $BUILD/zeek-config.h' failed unexpectedly (exit code 1)
  % cat .stderr
</skipped>
    </testcase>
    <testcase classname="core" name="mobility_msg" time="0.17116403579711914">
        <skipped type="skipped">  % 'grep -q &quot;#define ENABLE_MOBILE_IPV6&quot; $BUILD/zeek-config.h' failed unexpectedly (exit code 1)
  % cat .stderr
</skipped>
    </testcase>
    <testcase classname="core.icmp" name="icmp6-nd-options" time="0.87420654296875"/>
    <testcase classname="core" name="load-explicit-bro-suffix-fallback" time="0.5543437004089355"/>
    <testcase classname="broker.store" name="handle-copy" time="1.6333873271942139"/>
    <testcase classname="core" name="ipv6-frag" time="0.747452974319458"/>
    <testcase classname="core" name="discarder" time="1.4052460193634033"/>
    <testcase classname="broker.store" name="record" time="1.6406042575836182"/>
    <testcase classname="broker.store" name="table" time="1.6414966583251953"/>
    <testcase classname="broker.store" name="set" time="1.657560110092163"/>
    <testcase classname="broker.store" name="vector" time="1.6323907375335693"/>
    <testcase classname="core" name="load-relative" time="0.539057731628418"/>
    <testcase classname="core" name="load-prefixes" time="0.5875632762908936"/>
    <testcase classname="core.icmp" name="icmp-context" time="1.1335179805755615"/>
    <testcase classname="core.icmp" name="icmp-events" time="1.1206214427947998"/>
    <testcase classname="core" name="negative-time" time="0.4485805034637451"/>
    <testcase classname="core" name="command-line-option-redefs" time="1.7765517234802246"/>
    <testcase classname="core" name="network-time" time="0.4662973880767822"/>
    <testcase classname="core" name="network-time-init" time="0.4638373851776123"/>
    <testcase classname="core" name="option-errors" time="0.40468311309814453"/>
    <testcase classname="core" name="option-errors-2" time="0.4062199592590332"/>
    <testcase classname="core" name="nop" time="0.4632577896118164"/>
    <testcase classname="core" name="option-errors-3" time="0.4351041316986084"/>
    <testcase classname="core" name="nflog" time="0.571662425994873"/>
    <testcase classname="core" name="option-redef" time="0.5168805122375488"/>
    <testcase classname="core" name="option-priorities" time="0.526991605758667"/>
    <testcase classname="core.icmp" name="icmp6-context" time="1.468580722808838"/>
    <testcase classname="core" name="option-runtime-errors" time="0.5326602458953857"/>
    <testcase classname="core" name="option-runtime-errors-2" time="0.5527474880218506"/>
    <testcase classname="core" name="option-runtime-errors-3" time="0.5288050174713135"/>
    <testcase classname="core" name="option-runtime-errors-4" time="0.5468528270721436"/>
    <testcase classname="core" name="option-runtime-errors-5" time="0.5779588222503662"/>
    <testcase classname="core" name="mpls-in-vlan" time="0.8694987297058105"/>
    <testcase classname="core" name="option-runtime-errors-6" time="0.5921416282653809"/>
    <testcase classname="core" name="option-runtime-errors-7" time="0.6158206462860107"/>
    <testcase classname="core" name="option-runtime-errors-8" time="0.6124868392944336"/>
    <testcase classname="core" name="option-runtime-errors-9" time="0.6240453720092773"/>
    <testcase classname="core" name="option-runtime-errors-10" time="0.6323196887969971"/>
    <testcase classname="core" name="option-runtime-errors-11" time="0.6330075263977051"/>
    <testcase classname="core" name="option-runtime-errors-12" time="0.62441086769104"/>
    <testcase classname="broker" name="remote_event_index_types" time="2.932309150695801"/>
    <testcase classname="core" name="option-runtime-errors-13" time="0.6549336910247803"/>
    <testcase classname="broker" name="remote_event_vector_any" time="2.9437403678894043"/>
    <testcase classname="broker" name="remote_id" time="2.9378881454467773"/>
    <testcase classname="core" name="load-unload" time="1.4645869731903076"/>
    <testcase classname="broker" name="remote_event" time="3.1837217807769775"/>
    <testcase classname="broker" name="remote_event_auto" time="3.1771180629730225"/>
    <testcase classname="broker.store" name="local" time="2.7489097118377686"/>
    <testcase classname="broker" name="remote_event_any" time="3.2033050060272217"/>
    <testcase classname="core" name="pcap_file_done" time="0.645531415939331"/>
    <testcase classname="broker" name="remote_event_ssl_auth" time="3.191082715988159"/>
    <testcase classname="core" name="protocol-registration-error" time="0.6362724304199219"/>
    <testcase classname="broker.store" name="brokerstore-attr-simple" time="3.026059865951538"/>
    <testcase classname="core" name="print-interval" time="0.6831803321838379"/>
    <testcase classname="core" name="load-pkg" time="1.8413832187652588"/>
    <testcase classname="core.pcap" name="dynamic-filter" time="0.9673700332641602"/>
    <testcase classname="broker.store" name="sqlite" time="2.932217836380005"/>
    <testcase classname="core" name="q-in-q" time="0.7251615524291992"/>
    <testcase classname="core" name="radiotap" time="0.715203046798706"/>
    <testcase classname="core" name="recursive-event" time="0.6768653392791748"/>
    <testcase classname="core" name="pppoe" time="0.9471149444580078"/>
    <testcase classname="core" name="pppoe-over-qinq" time="0.9135768413543701"/>
    <testcase classname="core" name="reporter-fmt-strings" time="0.6146042346954346"/>
    <testcase classname="core" name="reporter-parse-error" time="0.610065221786499"/>
    <testcase classname="core" name="reporter-runtime-error" time="0.6073751449584961"/>
    <testcase classname="core" name="reporter-error-in-handler" time="0.6577620506286621"/>
    <testcase classname="core" name="reporter-type-mismatch" time="0.5976195335388184"/>
    <testcase classname="core.pcap" name="input-error" time="1.1797997951507568"/>
    <testcase classname="core" name="reporter-shutdown-order-errors" time="0.64288330078125"/>
    <testcase classname="core" name="reporter-weird-sampling" time="0.6253914833068848"/>
    <testcase classname="core.pcap" name="read-trace-with-filter" time="1.172226905822754"/>
    <testcase classname="core" name="reporter-weird-sampling-disable" time="0.6071972846984863"/>
    <testcase classname="core" name="bits_per_uid" time="3.2407312393188477"/>
    <testcase classname="core" name="reporter-weird-sampling-global" time="0.6263720989227295"/>
    <testcase classname="core" name="raw_packet" time="1.0294432640075684"/>
    <testcase classname="core" name="reporter" time="0.885037899017334"/>
    <testcase classname="core.tcp" name="fin-retransmit" time="0.6237082481384277"/>
    <testcase classname="bifs" name="hll_cluster" time="5.325708389282227"/>
    <testcase classname="broker" name="remote_log_batch" time="3.6954917907714844"/>
    <testcase classname="core.pcap" name="dumper" time="1.5075280666351318"/>
    <testcase classname="core.tcp" name="missing-syn" time="0.6680891513824463"/>
    <testcase classname="core" name="proc-status-file" time="1.2912538051605225"/>
    <testcase classname="core.tcp" name="quantum-insert" time="0.6093904972076416"/>
    <testcase classname="core.tcp" name="rst-after-syn" time="0.6004865169525146"/>
    <testcase classname="core.tcp" name="tcp-dups" time="0.5907423496246338"/>
    <testcase classname="core.tcp" name="truncated-header" time="0.597602128982544"/>
    <testcase classname="core" name="skip_analyzer" time="0.88846755027771"/>
    <testcase classname="core.tcp" name="miss-end-data" time="0.9014570713043213"/>
    <testcase classname="core.tunnels" name="gre-erspan3-dot1q" time="0.6040830612182617"/>
    <testcase classname="core.tunnels.gtp" name="ext_header" time="0.6772377490997314"/>
    <testcase classname="core" name="load-duplicates-links" time="2.943264961242676"/>
    <testcase classname="core" name="load-duplicates" time="2.9892711639404297"/>
    <testcase classname="core.pcap" name="suspend-processing" time="1.9306890964508057"/>
    <testcase classname="core.tunnels.gtp" name="pdp_ctx_messages" time="0.6604876518249512"/>
    <testcase classname="core" name="vector-assignment" time="0.44416165351867676"/>
    <testcase classname="broker.store" name="brokerstore-attr-persistence-clone" time="4.2897419929504395"/>
    <testcase classname="core.tcp" name="options" time="1.3549396991729736"/>
    <testcase classname="core.tunnels" name="ip-tunnel-uid" time="0.7278203964233398"/>
    <testcase classname="core.tunnels" name="gre-in-gre" time="1.0329737663269043"/>
    <testcase classname="core.pcap" name="filter-error" time="2.247012138366699"/>
    <testcase classname="broker" name="remote_log_types" time="4.488190650939941"/>
    <testcase classname="core.tunnels" name="teredo-known-services" time="0.7795801162719727"/>
    <testcase classname="core.tunnels.gtp" name="non_recursive" time="1.0139453411102295"/>
    <testcase classname="core" name="udp-content-ports" time="0.7452075481414795"/>
    <testcase classname="core.tcp" name="large-file-reassembly" time="1.5165152549743652"/>
    <testcase classname="core.tunnels.gtp" name="inner_ipv6" time="1.0648133754730225"/>
    <testcase classname="core.tunnels" name="false-teredo" time="1.2166597843170166"/>
    <testcase classname="broker" name="error" time="4.844299554824829"/>
    <testcase classname="core" name="udp-contents-delivery-ports-use-resp" time="0.7840771675109863"/>
    <testcase classname="core" name="unknown-protocol-event" time="0.7866744995117188"/>
    <testcase classname="broker" name="disconnect" time="4.904850959777832"/>
    <testcase classname="core" name="vlan-mpls" time="0.7672338485717773"/>
    <testcase classname="core.tunnels" name="ayiya" time="1.3373727798461914"/>
    <testcase classname="broker.store" name="brokerstore-attr-clone" time="4.663735389709473"/>
    <testcase classname="core" name="wlanmon" time="0.7856299877166748"/>
    <testcase classname="core.tunnels.gtp" name="inner_teredo" time="1.2726960182189941"/>
    <testcase classname="broker" name="remote_log" time="4.821408987045288"/>
    <testcase classname="core.tunnels" name="gre-pptp" time="1.3431379795074463"/>
    <testcase classname="coverage" name="zeekygen" time="0.2880856990814209"/>
    <testcase classname="core.tunnels.gtp" name="different_dl_and_ul" time="1.352036476135254"/>
    <testcase classname="core.tunnels.gtp" name="not_user_plane_data" time="1.2964401245117188"/>
    <testcase classname="core" name="reassembly" time="2.3090269565582275"/>
    <testcase classname="core.tunnels.gtp" name="opt_header" time="1.3449316024780273"/>
    <testcase classname="core.icmp" name="icmp6-events" time="3.9748246669769287"/>
    <testcase classname="core.tunnels" name="gre" time="1.582366704940796"/>
    <testcase classname="doc" name="record-add" time="0.4254601001739502"/>
    <testcase classname="doc" name="record-attr-check" time="0.4334433078765869"/>
    <testcase classname="core" name="script-args" time="2.021160125732422"/>
    <testcase classname="core.tunnels.gtp" name="unknown_or_too_short" time="1.3618505001068115"/>
    <testcase classname="broker.store" name="ops" time="4.779518127441406"/>
    <testcase classname="core.tunnels.gtp" name="false_gtp" time="1.5530071258544922"/>
    <testcase classname="core.tcp" name="rxmit-history" time="1.9095401763916016"/>
    <testcase classname="core.tunnels.gtp" name="outer_ip_frag" time="1.5566189289093018"/>
    <testcase classname="core.tunnels" name="vxlan" time="1.3681445121765137"/>
    <testcase classname="coverage" name="find-bro-logs" time="0.8656237125396729"/>
    <testcase classname="coverage" name="coverage-blacklist" time="0.9837877750396729"/>
    <testcase classname="broker.store" name="brokerstore-backend-simple-reverse" time="5.120695352554321"/>
    <testcase classname="broker.store" name="brokerstore-backend-simple" time="5.184467792510986"/>
    <testcase classname="core.tunnels" name="ip-in-ip-version" time="1.6413638591766357"/>
    <testcase classname="core" name="x509-generalizedtime" time="1.2403206825256348"/>
    <testcase classname="doc.zeekygen" name="comment_retrieval_bifs" time="0.7819867134094238"/>
    <testcase classname="doc.zeekygen" name="enums" time="0.7638547420501709"/>
    <testcase classname="doc.zeekygen" name="func-params" time="0.733107328414917"/>
    <testcase classname="doc.zeekygen" name="records" time="0.7191436290740967"/>
    <testcase classname="core.tunnels" name="teredo" time="1.6945302486419678"/>
    <testcase classname="doc.zeekygen" name="example" time="0.8123466968536377"/>
    <testcase classname="language" name="alternate-event-hook-prototypes-invalid-arg" time="0.6378436088562012"/>
    <testcase classname="doc.zeekygen" name="type-aliases" time="0.7377722263336182"/>
    <testcase classname="language" name="addr" time="0.6752142906188965"/>
    <testcase classname="doc.zeekygen" name="vectors" time="0.7487225532531738"/>
    <testcase classname="language" name="alternate-event-hook-prototypes" time="0.7141032218933105"/>
    <testcase classname="language" name="alternate-prototypes-arg-matching" time="0.7319529056549072"/>
    <testcase classname="broker.store" name="brokerstore-backend-sqlite" time="5.391981363296509"/>
    <testcase classname="language" name="any" time="0.7265117168426514"/>
    <testcase classname="language" name="any-when" time="0.727405309677124"/>
    <testcase classname="doc.zeekygen" name="command_line" time="1.0754048824310303"/>
    <testcase classname="language" name="at-deprecated" time="0.7287530899047852"/>
    <testcase classname="language" name="at-filename" time="0.6928706169128418"/>
    <testcase classname="language" name="at-if" time="0.7350795269012451"/>
    <testcase classname="language" name="at-if-invalid" time="0.6802675724029541"/>
    <testcase classname="coverage" name="test-all-policy" time="1.3029685020446777"/>
    <testcase classname="core.tunnels" name="teredo_bubble_with_payload" time="1.9875566959381104"/>
    <testcase classname="core" name="when-interpreter-exceptions" time="1.8333313465118408"/>
    <testcase classname="language" name="at-if-event" time="0.7198953628540039"/>
    <testcase classname="language" name="at-ifdef" time="0.7164642810821533"/>
    <testcase classname="language" name="at-load" time="0.7241635322570801"/>
    <testcase classname="language" name="at-ifndef" time="0.735382080078125"/>
    <testcase classname="language" name="attr-default-coercion" time="0.7398600578308105"/>
    <testcase classname="language" name="attr-default-global-set-error" time="0.6845049858093262"/>
    <testcase classname="doc.zeekygen" name="identifier" time="1.24896240234375"/>
    <testcase classname="doc.zeekygen" name="package" time="1.2345507144927979"/>
    <testcase classname="doc.zeekygen" name="script_summary" time="1.1981592178344727"/>
    <testcase classname="language" name="bro_script_loaded" time="0.6949927806854248"/>
    <testcase classname="doc.zeekygen" name="script_index" time="1.2419986724853516"/>
    <testcase classname="language" name="bool" time="0.7520930767059326"/>
    <testcase classname="language" name="bro_init" time="0.7131049633026123"/>
    <testcase classname="doc.zeekygen" name="package_index" time="1.2651314735412598"/>
    <testcase classname="coverage" name="bare-load-baseline" time="1.8555328845977783">
        <failure type="failure">  % 'btest-diff canonified_loaded_scripts.log' failed unexpectedly (exit code 1)
  % cat .diag
  == File ===============================
  #separator \x09
  #set_separator	,
  #empty_field	(empty)
  #unset_field	-
  #path	loaded_scripts
  #open	2022-12-08-14-14-05
  #fields	name
  #types	string
  scripts/base/init-bare.zeek
  build/scripts/base/bif/const.bif.zeek
  build/scripts/base/bif/types.bif.zeek
  build/scripts/base/bif/zeek.bif.zeek
  build/scripts/base/bif/stats.bif.zeek
  build/scripts/base/bif/reporter.bif.zeek
  build/scripts/base/bif/strings.bif.zeek
  build/scripts/base/bif/option.bif.zeek
  scripts/base/frameworks/supervisor/api.zeek
  build/scripts/base/bif/supervisor.bif.zeek
  build/scripts/base/bif/packet_analysis.bif.zeek
  build/scripts/base/bif/plugins/Zeek_SNMP.types.bif.zeek
  build/scripts/base/bif/plugins/Zeek_KRB.types.bif.zeek
  build/scripts/base/bif/event.bif.zeek
  scripts/base/packet-protocols/__load__.zeek
  scripts/base/packet-protocols/root/__load__.zeek
  scripts/base/packet-protocols/root/main.zeek
  scripts/base/packet-protocols/ip/__load__.zeek
  scripts/base/packet-protocols/ip/main.zeek
  scripts/base/packet-protocols/skip/__load__.zeek
  scripts/base/packet-protocols/skip/main.zeek
  scripts/base/packet-protocols/ethernet/__load__.zeek
  scripts/base/packet-protocols/ethernet/main.zeek
  scripts/base/packet-protocols/fddi/__load__.zeek
  scripts/base/packet-protocols/fddi/main.zeek
  scripts/base/packet-protocols/ieee802_11/__load__.zeek
  scripts/base/packet-protocols/ieee802_11/main.zeek
  scripts/base/packet-protocols/ieee802_11_radio/__load__.zeek
  scripts/base/packet-protocols/ieee802_11_radio/main.zeek
  scripts/base/packet-protocols/linux_sll/__load__.zeek
  scripts/base/packet-protocols/linux_sll/main.zeek
  scripts/base/packet-protocols/nflog/__load__.zeek
  scripts/base/packet-protocols/nflog/main.zeek
  scripts/base/packet-protocols/null/__load__.zeek
  scripts/base/packet-protocols/null/main.zeek
  scripts/base/packet-protocols/ppp_serial/__load__.zeek
  scripts/base/packet-protocols/ppp_serial/main.zeek
  scripts/base/packet-protocols/pppoe/__load__.zeek
  scripts/base/packet-protocols/pppoe/main.zeek
  scripts/base/packet-protocols/vlan/__load__.zeek
  scripts/base/packet-protocols/vlan/main.zeek
  scripts/base/packet-protocols/mpls/__load__.zeek
  scripts/base/packet-protocols/mpls/main.zeek
  scripts/base/packet-protocols/gre/__load__.zeek
  scripts/base/packet-protocols/gre/main.zeek
  scripts/base/packet-protocols/iptunnel/__load__.zeek
  scripts/base/packet-protocols/iptunnel/main.zeek
  scripts/base/init-frameworks-and-bifs.zeek
  scripts/base/frameworks/logging/__load__.zeek
  scripts/base/frameworks/logging/main.zeek
  build/scripts/base/bif/logging.bif.zeek
  scripts/base/frameworks/logging/postprocessors/__load__.zeek
  scripts/base/frameworks/logging/postprocessors/scp.zeek
  scripts/base/frameworks/logging/postprocessors/sftp.zeek
  scripts/base/frameworks/logging/writers/ascii.zeek
  scripts/base/frameworks/logging/writers/sqlite.zeek
  scripts/base/frameworks/logging/writers/none.zeek
  scripts/base/frameworks/broker/__load__.zeek
  scripts/base/frameworks/broker/main.zeek
  build/scripts/base/bif/comm.bif.zeek
  build/scripts/base/bif/messaging.bif.zeek
  scripts/base/frameworks/broker/store.zeek
  build/scripts/base/bif/data.bif.zeek
  build/scripts/base/bif/store.bif.zeek
  scripts/base/frameworks/broker/log.zeek
  scripts/base/frameworks/supervisor/__load__.zeek
  scripts/base/frameworks/supervisor/control.zeek
  scripts/base/frameworks/supervisor/main.zeek
  scripts/base/frameworks/input/__load__.zeek
  scripts/base/frameworks/input/main.zeek
  build/scripts/base/bif/input.bif.zeek
  scripts/base/frameworks/input/readers/ascii.zeek
  scripts/base/frameworks/input/readers/raw.zeek
  scripts/base/frameworks/input/readers/benchmark.zeek
  scripts/base/frameworks/input/readers/binary.zeek
  scripts/base/frameworks/input/readers/config.zeek
  scripts/base/frameworks/input/readers/sqlite.zeek
  scripts/base/frameworks/analyzer/__load__.zeek
  scripts/base/frameworks/analyzer/main.zeek
  scripts/base/frameworks/packet-filter/utils.zeek
  build/scripts/base/bif/analyzer.bif.zeek
  scripts/base/frameworks/files/__load__.zeek
  scripts/base/frameworks/files/main.zeek
  build/scripts/base/bif/file_analysis.bif.zeek
  scripts/base/utils/site.zeek
  scripts/base/utils/patterns.zeek
  scripts/base/frameworks/files/magic/__load__.zeek
  build/scripts/base/bif/__load__.zeek
  build/scripts/base/bif/zeekygen.bif.zeek
  build/scripts/base/bif/pcap.bif.zeek
  build/scripts/base/bif/bloom-filter.bif.zeek
  build/scripts/base/bif/cardinality-counter.bif.zeek
  [... File too long, truncated ...]
  == Diff ===============================
  --- /tmp/test-diff.103731.canonified_loaded_scripts.log.baseline.tmp	2022-12-08 14:14:06.864566468 +0000
  +++ /tmp/test-diff.103731.canonified_loaded_scripts.log.tmp	2022-12-08 14:14:06.856566152 +0000
  @@ -198,6 +198,7 @@
  build/scripts/base/bif/plugins/Zeek_UDP.events.bif.zeek
  build/scripts/base/bif/plugins/Zeek_VXLAN.events.bif.zeek
  build/scripts/base/bif/plugins/Zeek_XMPP.events.bif.zeek
  +    build/scripts/base/bif/plugins/Zeek_IPSecNaive.events.bif.zeek
  build/scripts/base/bif/plugins/Zeek_ARP.events.bif.zeek
  build/scripts/base/bif/plugins/Zeek_FileEntropy.events.bif.zeek
  build/scripts/base/bif/plugins/Zeek_FileExtract.events.bif.zeek
  =======================================
  % cat .stderr
</failure>
    </testcase>
    <testcase classname="language" name="conditional-expression" time="0.740215539932251"/>
    <testcase classname="language" name="copy" time="0.726294755935669"/>
    <testcase classname="broker" name="ssl_auth_failure" time="6.122910737991333"/>
    <testcase classname="language" name="container-ctor-scope" time="0.7612202167510986"/>
    <testcase classname="language" name="copy-all-types" time="0.7326765060424805"/>
    <testcase classname="language" name="count" time="0.7034814357757568"/>
    <testcase classname="language" name="copy-all-opaques" time="0.7979443073272705">
        <failure type="failure">  % 'btest-diff out' failed unexpectedly (exit code 1)
  % cat .diag
  == File ===============================
  ============ Topk
  [b, a, c]
  [b, a, c]
  ============ HLL
  3.000069
  3.000069
  3.000069
  ============ Bloom
  0
  1
  0
  1
  ============ Hashes
  5b9164ad6f496d9dee12ec7634ce253f
  5b9164ad6f496d9dee12ec7634ce253f
  30ae97492ce1da88d0e7117ace0a60a6f9e1e0bc
  30ae97492ce1da88d0e7117ace0a60a6f9e1e0bc
  25b6746d5172ed6352966a013d93ac846e1110d5a25e8f183b5931f4688842a1
  25b6746d5172ed6352966a013d93ac846e1110d5a25e8f183b5931f4688842a1
  ============ X509
  [version=3, serial=040000000001154B5AC394, subject=CN=GlobalSign Root CA,OU=Root CA,O=GlobalSign nv-sa,C=BE, issuer=CN=GlobalSign Root CA,OU=Root CA,O=GlobalSign nv-sa,C=BE, cn=GlobalSign Root CA, not_valid_before=904651200.0, not_valid_after=1832673600.0, key_alg=rsaEncryption, sig_alg=sha1WithRSAEncryption, key_type=rsa, key_length=2048, exponent=\x01\x00\x01, curve=&lt;uninitialized&gt;, modulus=\xda\x0e\xe6\x99\x8d\xce\xa3\xe3O\x8a~\xfb\xf1\x8b\x83%k\xeaH\x1f\xf1*\xb0\xb9\x95\x11\x04\xbd\xf0c\xd1\xe2gf\xcf\x1c\xdd\xcf\x1bH+\xee\x8d\x89\x8e\x9a\xaf)\x80e\xab\xe9\xc7-\x12\xcb\xab\x1cLp\x07\xa1=\x0a0\xcd\x15\x8dO\xf8\xdd\xd4\x8cP\x15\x1c\xefP\xee\xc4.\xf7\xfc\xe9R\xf2\x91}\xe0m\xd550\x8e^Cs\xf2A\xe9\xd5j\xe3\xb2\x89:V98o\x06&lt;\x88i[*M\xc5\xa7T\xb8l\x89\xcc\x9b\xf9&lt;\xca\xe5\xfd\x89\xf5\x12&lt;\x92x\x96\xd6\xdctn\x93Da\xd1\x8d\xc7F\xb2u\x0e\x86\xe8\x19\x8a\xd5ml\xd5x\x16\x95\xa2\xe9\xc8\x0a8\xeb\xf2$\x13OsT\x93\x13\x85:\x1b\xbc\x1e4\xb5\x8b\x05\x8c\xb9w\x8b\xb1\xdb\x1f \x91\xab\x09Sn\x90\xce{7t\xb9pG\x91&quot;Qc\x16y\xae\xb1\xaeA&amp;\x08\xc8\x19+\xd1F\xaaH\xd6d*\xd7\x834\xff,*\xc1l\x19CJ\x07\x85\xe7\xd3|\xf6!h\xef\xea\xf2R\x9f\x7f\x93\x90\xcf, x=&lt;uninitialized&gt;, y=&lt;uninitialized&gt;, raw_pkey=0\x82\x01&quot;0\x0d\x06\x09*\x86H\x86\xf7\x0d\x01\x01\x01\x05\x00\x03\x82\x01\x0f\x000\x82\x01\x0a\x02\x82\x01\x01\x00\xda\x0e\xe6\x99\x8d\xce\xa3\xe3O\x8a~\xfb\xf1\x8b\x83%k\xeaH\x1f\xf1*\xb0\xb9\x95\x11\x04\xbd\xf0c\xd1\xe2gf\xcf\x1c\xdd\xcf\x1bH+\xee\x8d\x89\x8e\x9a\xaf)\x80e\xab\xe9\xc7-\x12\xcb\xab\x1cLp\x07\xa1=\x0a0\xcd\x15\x8dO\xf8\xdd\xd4\x8cP\x15\x1c\xefP\xee\xc4.\xf7\xfc\xe9R\xf2\x91}\xe0m\xd550\x8e^Cs\xf2A\xe9\xd5j\xe3\xb2\x89:V98o\x06&lt;\x88i[*M\xc5\xa7T\xb8l\x89\xcc\x9b\xf9&lt;\xca\xe5\xfd\x89\xf5\x12&lt;\x92x\x96\xd6\xdctn\x93Da\xd1\x8d\xc7F\xb2u\x0e\x86\xe8\x19\x8a\xd5ml\xd5x\x16\x95\xa2\xe9\xc8\x0a8\xeb\xf2$\x13OsT\x93\x13\x85:\x1b\xbc\x1e4\xb5\x8b\x05\x8c\xb9w\x8b\xb1\xdb\x1f \x91\xab\x09Sn\x90\xce{7t\xb9pG\x91&quot;Qc\x16y\xae\xb1\xaeA&amp;\x08\xc8\x19+\xd1F\xaaH\xd6d*\xd7\x834\xff,*\xc1l\x19CJ\x07\x85\xe7\xd3|\xf6!h\xef\xea\xf2R\x9f\x7f\x93\x90\xcf\x02\x03\x01\x00\x01]
  [version=3, serial=040000000001154B5AC394, subject=CN=GlobalSign Root CA,OU=Root CA,O=GlobalSign nv-sa,C=BE, issuer=CN=GlobalSign Root CA,OU=Root CA,O=GlobalSign nv-sa,C=BE, cn=GlobalSign Root CA, not_valid_before=904651200.0, not_valid_after=1832673600.0, key_alg=rsaEncryption, sig_alg=sha1WithRSAEncryption, key_type=rsa, key_length=2048, exponent=\x01\x00\x01, curve=&lt;uninitialized&gt;, modulus=\xda\x0e\xe6\x99\x8d\xce\xa3\xe3O\x8a~\xfb\xf1\x8b\x83%k\xeaH\x1f\xf1*\xb0\xb9\x95\x11\x04\xbd\xf0c\xd1\xe2gf\xcf\x1c\xdd\xcf\x1bH+\xee\x8d\x89\x8e\x9a\xaf)\x80e\xab\xe9\xc7-\x12\xcb\xab\x1cLp\x07\xa1=\x0a0\xcd\x15\x8dO\xf8\xdd\xd4\x8cP\x15\x1c\xefP\xee\xc4.\xf7\xfc\xe9R\xf2\x91}\xe0m\xd550\x8e^Cs\xf2A\xe9\xd5j\xe3\xb2\x89:V98o\x06&lt;\x88i[*M\xc5\xa7T\xb8l\x89\xcc\x9b\xf9&lt;\xca\xe5\xfd\x89\xf5\x12&lt;\x92x\x96\xd6\xdctn\x93Da\xd1\x8d\xc7F\xb2u\x0e\x86\xe8\x19\x8a\xd5ml\xd5x\x16\x95\xa2\xe9\xc8\x0a8\xeb\xf2$\x13OsT\x93\x13\x85:\x1b\xbc\x1e4\xb5\x8b\x05\x8c\xb9w\x8b\xb1\xdb\x1f \x91\xab\x09Sn\x90\xce{7t\xb9pG\x91&quot;Qc\x16y\xae\xb1\xaeA&amp;\x08\xc8\x19+\xd1F\xaaH\xd6d*\xd7\x834\xff,*\xc1l\x19CJ\x07\x85\xe7\xd3|\xf6!h\xef\xea\xf2R\x9f\x7f\x93\x90\xcf, x=&lt;uninitialized&gt;, y=&lt;uninitialized&gt;, raw_pkey=0\x82\x01&quot;0\x0d\x06\x09*\x86H\x86\xf7\x0d\x01\x01\x01\x05\x00\x03\x82\x01\x0f\x000\x82\x01\x0a\x02\x82\x01\x01\x00\xda\x0e\xe6\x99\x8d\xce\xa3\xe3O\x8a~\xfb\xf1\x8b\x83%k\xeaH\x1f\xf1*\xb0\xb9\x95\x11\x04\xbd\xf0c\xd1\xe2gf\xcf\x1c\xdd\xcf\x1bH+\xee\x8d\x89\x8e\x9a\xaf)\x80e\xab\xe9\xc7-\x12\xcb\xab\x1cLp\x07\xa1=\x0a0\xcd\x15\x8dO\xf8\xdd\xd4\x8cP\x15\x1c\xefP\xee\xc4.\xf7\xfc\xe9R\xf2\x91}\xe0m\xd550\x8e^Cs\xf2A\xe9\xd5j\xe3\xb2\x89:V98o\x06&lt;\x88i[*M\xc5\xa7T\xb8l\x89\xcc\x9b\xf9&lt;\xca\xe5\xfd\x89\xf5\x12&lt;\x92x\x96\xd6\xdctn\x93Da\xd1\x8d\xc7F\xb2u\x0e\x86\xe8\x19\x8a\xd5ml\xd5x\x16\x95\xa2\xe9\xc8\x0a8\xeb\xf2$\x13OsT\x93\x13\x85:\x1b\xbc\x1e4\xb5\x8b\x05\x8c\xb9w\x8b\xb1\xdb\x1f \x91\xab\x09Sn\x90\xce{7t\xb9pG\x91&quot;Qc\x16y\xae\xb1\xaeA&amp;\x08\xc8\x19+\xd1F\xaaH\xd6d*\xd7\x834\xff,*\xc1l\x19CJ\x07\x85\xe7\xd3|\xf6!h\xef\xea\xf2R\x9f\x7f\x93\x90\xcf\x02\x03\x01\x00\x01]
  ============ Entropy
  [entropy=4.715374, chi_square=591.981818, mean=75.472727, monte_carlo_pi=4.0, serial_correlation=-0.11027]
  [entropy=4.715374, chi_square=591.981818, mean=75.472727, monte_carlo_pi=4.0, serial_correlation=-0.11027]
  ============ Paraglob
  T
  T
  == Diff ===============================
  --- /tmp/test-diff.104375.out.baseline.tmp	2022-12-08 14:14:07.020572642 +0000
  +++ /tmp/test-diff.104375.out.tmp	2022-12-08 14:14:07.012572325 +0000
  @@ -18,8 +18,8 @@
  25b6746d5172ed6352966a013d93ac846e1110d5a25e8f183b5931f4688842a1
  25b6746d5172ed6352966a013d93ac846e1110d5a25e8f183b5931f4688842a1
  ============ X509
  -[version=3, serial=040000000001154B5AC394, subject=CN=GlobalSign Root CA,OU=Root CA,O=GlobalSign nv-sa,C=BE, issuer=CN=GlobalSign Root CA,OU=Root CA,O=GlobalSign nv-sa,C=BE, cn=GlobalSign Root CA, not_valid_before=XXXXXXXXXX.XXXXXX, not_valid_after=XXXXXXXXXX.XXXXXX, key_alg=rsaEncryption, sig_alg=sha1WithRSAEncryption, key_type=rsa, key_length=2048, exponent=65537, curve=&lt;uninitialized&gt;]
  -[version=3, serial=040000000001154B5AC394, subject=CN=GlobalSign Root CA,OU=Root CA,O=GlobalSign nv-sa,C=BE, issuer=CN=GlobalSign Root CA,OU=Root CA,O=GlobalSign nv-sa,C=BE, cn=GlobalSign Root CA, not_valid_before=XXXXXXXXXX.XXXXXX, not_valid_after=XXXXXXXXXX.XXXXXX, key_alg=rsaEncryption, sig_alg=sha1WithRSAEncryption, key_type=rsa, key_length=2048, exponent=65537, curve=&lt;uninitialized&gt;]
[...]
  1394747126.862409	Fv2Agc4z5boBOacQi6	3	023A69	CN=Google Internet Authority G2,O=Google Inc,C=US	CN=GeoTrust Global CA,O=GeoTrust Inc.,C=US	1365174955.000000	1428160555.000000	rsaEncryption	sha1WithRSAEncryption	rsa	2048	\x01\x00\x01	-	\x9c*\x04w\\\xd8P\x91:\x06\xa3\x82\xe0\xd8PH\xbc\x89?\xf1\x19p\x1a\x88F~\xe0\x8f\xc5\xf1\x89\xce!\xeeZ\xfea\x0d\xb72D\x89\xa0t\x0bSOU\xa4\xce\x82b\x95\xee\xebY_\xc6\xe1\x05\x80\x12\xc4^\x94?\xbc[H8\xf4S\xf7$\xe6\xfb\x91\xe9\x15\xc4\xcf\xf4S\x0d\xf4J\xfc\x9fT\xde}\xbe\xa0ko\x87\xc0\xd0P\x1f(0\x03@\xda\x08sQl\x7f\xff:&lt;\xa77\x06\x8e\xbdK\x11\x04\xeb}$\xde\xe6\xf9\xfc1q\xfb\x94\xd5`\xf3.J\xafB\xd2\xcb\xea\xc4j\x1a\xb2\xccS\xdd\x15K\x8b\x1f\xc8\x19a\x1f\xcd\x9d\xa8&gt;c+\x845ie\x84\xc8\x19\xc5F&quot;\xf8S\x95\xbe\xe3\x80J\x10\xc6*\xec\xba\x97 \x11\xc79\x99\x10\x04\xa0\xf0az\x95%\x8cNRu\xe2\xb6\xed\x08\xca\x14\xfc\xce&quot;j\xb3N\xcfF\x03\x97\x97\x03~\xc0\xb1\xde{\xafE3\xcf\xba&gt;q\xb7\xde\xf4%%\xc2\x0d5\x89\x9d\x9d\xfb\x0e\x11y\x89\x1e7\xc5\xaf\x8eri	-	-	0\x82\x01&quot;0\x0d\x06\x09*\x86H\x86\xf7\x0d\x01\x01\x01\x05\x00\x03\x82\x01\x0f\x000\x82\x01\x0a\x02\x82\x01\x01\x00\x9c*\x04w\\\xd8P\x91:\x06\xa3\x82\xe0\xd8PH\xbc\x89?\xf1\x19p\x1a\x88F~\xe0\x8f\xc5\xf1\x89\xce!\xeeZ\xfea\x0d\xb72D\x89\xa0t\x0bSOU\xa4\xce\x82b\x95\xee\xebY_\xc6\xe1\x05\x80\x12\xc4^\x94?\xbc[H8\xf4S\xf7$\xe6\xfb\x91\xe9\x15\xc4\xcf\xf4S\x0d\xf4J\xfc\x9fT\xde}\xbe\xa0ko\x87\xc0\xd0P\x1f(0\x03@\xda\x08sQl\x7f\xff:&lt;\xa77\x06\x8e\xbdK\x11\x04\xeb}$\xde\xe6\xf9\xfc1q\xfb\x94\xd5`\xf3.J\xafB\xd2\xcb\xea\xc4j\x1a\xb2\xccS\xdd\x15K\x8b\x1f\xc8\x19a\x1f\xcd\x9d\xa8&gt;c+\x845ie\x84\xc8\x19\xc5F&quot;\xf8S\x95\xbe\xe3\x80J\x10\xc6*\xec\xba\x97 \x11\xc79\x99\x10\x04\xa0\xf0az\x95%\x8cNRu\xe2\xb6\xed\x08\xca\x14\xfc\xce&quot;j\xb3N\xcfF\x03\x97\x97\x03~\xc0\xb1\xde{\xafE3\xcf\xba&gt;q\xb7\xde\xf4%%\xc2\x0d5\x89\x9d\x9d\xfb\x0e\x11y\x89\x1e7\xc5\xaf\x8eri\x02\x03\x01\x00\x01	-	-	-	-	T	0
  1394747126.862409	Ftmyeg2qgI2V38Dt3g	3	12BBE6	CN=GeoTrust Global CA,O=GeoTrust Inc.,C=US	OU=Equifax Secure Certificate Authority,O=Equifax,C=US	1021953600.000000	1534824000.000000	rsaEncryption	sha1WithRSAEncryption	rsa	2048	\x01\x00\x01	-	\xda\xcc\x18c0\xfd\xf4\x17#\x1aV~[\xdf&lt;l8\xe4q\xb7x\x91\xd4\xbc\xa1\xd8L\xf8\xa8C\xb6\x03\xe9M!\x07\x08\x88\xdaX/f9)\xbd\x05x\x8b\x9d8\xe8\x05\xb7j~q\xa4\xe6\xc4`\xa6\xb0\xef\x80\xe4\x89(\x0f\x9e%\xd6\xed\x83\xf3\xad\xa6\x91\xc7\x98\xc9B\x185\x14\x9d\xad\x98F\x92.O\xca\xf1\x87C\xc1\x16\x95W-P\xef\x89-\x80zW\xad\xf2\xee_k\xd2\x00\x8d\xb9\x14\xf8\x14\x155\xd9\xc0F\xa3{r\xc8\x91\xbf\xc9U+\xcd\xd0\x97&gt;\x9c&amp;d\xcc\xdf\xce\x83\x19q\xcaN\xe6\xd4\xd5{\xa9\x19\xcdU\xde\xc8\xec\xd2^8S\xe5\\O\x8c-\xfeP#6\xfcf\xe6\xcb\x8e\xa49\x19\x00\xb7\x95\x029\x91\x0b\x0e\xfe8.\xd1\x1d\x05\x9a\xf6M&gt;o\x0f\x07\x1d\xaf,\x1e\x8f`9\xe2\xfa6S\x139\xd4^&amp;+\xdb=\xa8\x14\xbd2\xeb\x18\x03(R\x04q\xe5\xab3=\xe18\xbb\x076\x84b\x9cy\xea\x160\xf4_\xc0+\xe8qk\xe4\xf9	-	-	0\x82\x01&quot;0\x0d\x06\x09*\x86H\x86\xf7\x0d\x01\x01\x01\x05\x00\x03\x82\x01\x0f\x000\x82\x01\x0a\x02\x82\x01\x01\x00\xda\xcc\x18c0\xfd\xf4\x17#\x1aV~[\xdf&lt;l8\xe4q\xb7x\x91\xd4\xbc\xa1\xd8L\xf8\xa8C\xb6\x03\xe9M!\x07\x08\x88\xdaX/f9)\xbd\x05x\x8b\x9d8\xe8\x05\xb7j~q\xa4\xe6\xc4`\xa6\xb0\xef\x80\xe4\x89(\x0f\x9e%\xd6\xed\x83\xf3\xad\xa6\x91\xc7\x98\xc9B\x185\x14\x9d\xad\x98F\x92.O\xca\xf1\x87C\xc1\x16\x95W-P\xef\x89-\x80zW\xad\xf2\xee_k\xd2\x00\x8d\xb9\x14\xf8\x14\x155\xd9\xc0F\xa3{r\xc8\x91\xbf\xc9U+\xcd\xd0\x97&gt;\x9c&amp;d\xcc\xdf\xce\x83\x19q\xcaN\xe6\xd4\xd5{\xa9\x19\xcdU\xde\xc8\xec\xd2^8S\xe5\\O\x8c-\xfeP#6\xfcf\xe6\xcb\x8e\xa49\x19\x00\xb7\x95\x029\x91\x0b\x0e\xfe8.\xd1\x1d\x05\x9a\xf6M&gt;o\x0f\x07\x1d\xaf,\x1e\x8f`9\xe2\xfa6S\x139\xd4^&amp;+\xdb=\xa8\x14\xbd2\xeb\x18\x03(R\x04q\xe5\xab3=\xe18\xbb\x076\x84b\x9cy\xea\x160\xf4_\xc0+\xe8qk\xe4\xf9\x02\x03\x01\x00\x01	-	-	-	-	T	-
  #close	2022-12-08-14-14-10
  == Diff ===============================
  --- /tmp/test-diff.129145.x509.log.baseline.tmp	2022-12-08 14:14:10.624715240 +0000
  +++ /tmp/test-diff.129145.x509.log.tmp	2022-12-08 14:14:10.616714923 +0000
  @@ -4,9 +4,9 @@
  #unset_field	-
  #path	x509
  #open XXXX-XX-XX-XX-XX-XX
  -#fields	ts	id	certificate.version	certificate.serial	certificate.subject	certificate.issuer	certificate.not_valid_before	certificate.not_valid_after	certificate.key_alg	certificate.sig_alg	certificate.key_type	certificate.key_length	certificate.exponent	certificate.curve	san.dns	san.uri	san.email	san.ip	basic_constraints.ca	basic_constraints.path_len
  -#types	time	string	count	string	string	string	time	time	string	string	string	count	string	string	vector[string]	vector[string]	vector[string]	vector[addr]	bool	count
  -XXXXXXXXXX.XXXXXX	FgN3AE3of2TRIqaeQe	3	4A2C8628C1010633	CN=*.google.com,O=Google Inc,L=Mountain View,ST=California,C=US	CN=Google Internet Authority G2,O=Google Inc,C=US	XXXXXXXXXX.XXXXXX	XXXXXXXXXX.XXXXXX	rsaEncryption	sha1WithRSAEncryption	rsa	2048	65537	-	*.google.com,*.android.com,*.appengine.google.com,*.cloud.google.com,*.google-analytics.com,*.google.ca,*.google.cl,*.google.co.in,*.google.co.jp,*.google.co.uk,*.google.com.ar,*.google.com.au,*.google.com.br,*.google.com.co,*.google.com.mx,*.google.com.tr,*.google.com.vn,*.google.de,*.google.es,*.google.fr,*.google.hu,*.google.it,*.google.nl,*.google.pl,*.google.pt,*.googleapis.cn,*.googlecommerce.com,*.googlevideo.com,*.gstatic.com,*.gvt1.com,*.urchin.com,*.url.google.com,*.youtube-nocookie.com,*.youtube.com,*.youtubeeducation.com,*.ytimg.com,android.com,g.co,goo.gl,google-analytics.com,google.com,googlecommerce.com,urchin.com,youtu.be,youtube.com,youtubeeducation.com	-	-	-	F	-
  -XXXXXXXXXX.XXXXXX	Fv2Agc4z5boBOacQi6	3	023A69	CN=Google Internet Authority G2,O=Google Inc,C=US	CN=GeoTrust Global CA,O=GeoTrust Inc.,C=US	XXXXXXXXXX.XXXXXX	XXXXXXXXXX.XXXXXX	rsaEncryption	sha1WithRSAEncryption	rsa	2048	65537	-	-	-	-	-	T	0
  -XXXXXXXXXX.XXXXXX	Ftmyeg2qgI2V38Dt3g	3	12BBE6	CN=GeoTrust Global CA,O=GeoTrust Inc.,C=US	OU=Equifax Secure Certificate Authority,O=Equifax,C=US	XXXXXXXXXX.XXXXXX	XXXXXXXXXX.XXXXXX	rsaEncryption	sha1WithRSAEncryption	rsa	2048	65537	-	-	-	-	-	T	-
  +#fields	ts	id	certificate.version	certificate.serial	certificate.subject	certificate.issuer	certificate.not_valid_before	certificate.not_valid_after	certificate.key_alg	certificate.sig_alg	certificate.key_type	certificate.key_length	certificate.exponent	certificate.curve	certificate.modulus	certificate.x	certificate.y	certificate.raw_pkey	san.dns	san.uri	san.email	san.ip	basic_constraints.ca	basic_constraints.path_len
  +#types	time	string	count	string	string	string	time	time	string	string	string	count	string	string	string	string	string	string	vector[string]	vector[string]	vector[string]	vector[addr]	bool	count
  +XXXXXXXXXX.XXXXXX	FgN3AE3of2TRIqaeQe	3	4A2C8628C1010633	CN=*.google.com,O=Google Inc,L=Mountain View,ST=California,C=US	CN=Google Internet Authority G2,O=Google Inc,C=US	XXXXXXXXXX.XXXXXX	XXXXXXXXXX.XXXXXX	rsaEncryption	sha1WithRSAEncryption	rsa	2048	\x01\x00\x01	-	\xd9w\xfb\xb3S\xa7y\x89\xa7=\x07|\xad#\x9b\xf8\xfe&gt;g\xeepa\xbe\x8b\xc2\xa6\x04\xc9\xc1\x16\xc7\xb9\xe0\x07\x0f\xa8\x89\xd3-\xf7\xb5\xf5\xf8\xbb\xc3+o\xc20\xde\x1b .\xb0\xbfUo\x07\xdbi\xca1\x98\xfby&gt;J]\xd7b\x17\xdc\xbb\x1f9&quot;\xb0d\x94\xef\xf3\x93\xa6\xccL\xa3$)|T\xc0f\x11\xdd\x9fo\xc8\xed\x19\xf7g\x030\x99lf\xa8\xe3\x91\xfd\x0d\x90\x00\x7f9\x99Z\xeb\xc0\x97\x14\xb3C\x12\x06\xfd^MQ\xc4\xdd\x9e\x8b\xbb\xc4\x0c\x89@\xa3A\xaex\xf9\x97\x8bO\xb9\x0d\x04\x17\x04nJ\xeb\xb6u\x96t\xa5K\xd8\xa9\x18\xd5\x19\x0f\xfc\xc3\xffX\x1b\x0f\xb8\xdeA/\xe8\xf4\xd3\x9c/\xe2\xd1\xe6\x11\xb4D\x13n\x8b\xf9r\x9e\xe2\x1aT\xefH\x06\x85\xc7\x08\xa7\x9ea\xa7\x0cC\xe4\xf846\xe2(\xf0E\x90\x87}t\xb1\xbe\xca\x09\x7f4\x8d\xcc\xf36d\xeck'1j\x083|\x83\xc3\xb6\xff\xb4\xe8[\xc6\xdfJ\xcbN\xca\x8a/\xc2\x91	-	-	0\x82\x01&quot;0\x0d\x06\x09*\x86H\x86\xf7\x0d\x01\x01\x01\x05\x00\x03\x82\x01\x0f\x000\x82\x01\x0a\x02\x82\x01\x01\x00\xd9w\xfb\xb3S\xa7y\x89\xa7=\x07|\xad#\x9b\xf8\xfe&gt;g\xeepa\xbe\x8b\xc2\xa6\x04\xc9\xc1\x16\xc7\xb9\xe0\x07\x0f\xa8\x89\xd3-\xf7\xb5\xf5\xf8\xbb\xc3+o\xc20\xde\x1b .\xb0\xbfUo\x07\xdbi\xca1\x98\xfby&gt;J]\xd7b\x17\xdc\xbb\x1f9&quot;\xb0d\x94\xef\xf3\x93\xa6\xccL\xa3$)|T\xc0f\x11\xdd\x9fo\xc8\xed\x19\xf7g\x030\x99lf\xa8\xe3\x91\xfd\x0d\x90\x00\x7f9\x99Z\xeb\xc0\x97\x14\xb3C\x12\x06\xfd^MQ\xc4\xdd\x9e\x8b\xbb\xc4\x0c\x89@\xa3A\xaex\xf9\x97\x8bO\xb9\x0d\x04\x17\x04nJ\xeb\xb6u\x96t\xa5K\xd8\xa9\x18\xd5\x19\x0f\xfc\xc3\xffX\x1b\x0f\xb8\xdeA/\xe8\xf4\xd3\x9c/\xe2\xd1\xe6\x11\xb4D\x13n\x8b\xf9r\x9e\xe2\x1aT\xefH\x06\x85\xc7\x08\xa7\x9ea\xa7\x0cC\xe4\xf846\xe2(\xf0E\x90\x87}t\xb1\xbe\xca\x09\x7f4\x8d\xcc\xf36d\xeck'1j\x083|\x83\xc3\xb6\xff\xb4\xe8[\xc6\xdfJ\xcbN\xca\x8a/\xc2\x91\x02\x03\x01\x00\x01	*.google.com,*.android.com,*.appengine.google.com,*.cloud.google.com,*.google-analytics.com,*.google.ca,*.google.cl,*.google.co.in,*.google.co.jp,*.google.co.uk,*.google.com.ar,*.google.com.au,*.google.com.br,*.google.com.co,*.google.com.mx,*.google.com.tr,*.google.com.vn,*.google.de,*.google.es,*.google.fr,*.google.hu,*.google.it,*.google.nl,*.google.pl,*.google.pt,*.googleapis.cn,*.googlecommerce.com,*.googlevideo.com,*.gstatic.com,*.gvt1.com,*.urchin.com,*.url.google.com,*.youtube-nocookie.com,*.youtube.com,*.youtubeeducation.com,*.ytimg.com,android.com,g.co,goo.gl,google-analytics.com,google.com,googlecommerce.com,urchin.com,youtu.be,youtube.com,youtubeeducation.com	-	-	-	F	-
  +XXXXXXXXXX.XXXXXX	Fv2Agc4z5boBOacQi6	3	023A69	CN=Google Internet Authority G2,O=Google Inc,C=US	CN=GeoTrust Global CA,O=GeoTrust Inc.,C=US	XXXXXXXXXX.XXXXXX	XXXXXXXXXX.XXXXXX	rsaEncryption	sha1WithRSAEncryption	rsa	2048	\x01\x00\x01	-	\x9c*\x04w\\\xd8P\x91:\x06\xa3\x82\xe0\xd8PH\xbc\x89?\xf1\x19p\x1a\x88F~\xe0\x8f\xc5\xf1\x89\xce!\xeeZ\xfea\x0d\xb72D\x89\xa0t\x0bSOU\xa4\xce\x82b\x95\xee\xebY_\xc6\xe1\x05\x80\x12\xc4^\x94?\xbc[H8\xf4S\xf7$\xe6\xfb\x91\xe9\x15\xc4\xcf\xf4S\x0d\xf4J\xfc\x9fT\xde}\xbe\xa0ko\x87\xc0\xd0P\x1f(0\x03@\xda\x08sQl\x7f\xff:&lt;\xa77\x06\x8e\xbdK\x11\x04\xeb}$\xde\xe6\xf9\xfc1q\xfb\x94\xd5`\xf3.J\xafB\xd2\xcb\xea\xc4j\x1a\xb2\xccS\xdd\x15K\x8b\x1f\xc8\x19a\x1f\xcd\x9d\xa8&gt;c+\x845ie\x84\xc8\x19\xc5F&quot;\xf8S\x95\xbe\xe3\x80J\x10\xc6*\xec\xba\x97 \x11\xc79\x99\x10\x04\xa0\xf0az\x95%\x8cNRu\xe2\xb6\xed\x08\xca\x14\xfc\xce&quot;j\xb3N\xcfF\x03\x97\x97\x03~\xc0\xb1\xde{\xafE3\xcf\xba&gt;q\xb7\xde\xf4%%\xc2\x0d5\x89\x9d\x9d\xfb\x0e\x11y\x89\x1e7\xc5\xaf\x8eri	-	-	0\x82\x01&quot;0\x0d\x06\x09*\x86H\x86\xf7\x0d\x01\x01\x01\x05\x00\x03\x82\x01\x0f\x000\x82\x01\x0a\x02\x82\x01\x01\x00\x9c*\x04w\\\xd8P\x91:\x06\xa3\x82\xe0\xd8PH\xbc\x89?\xf1\x19p\x1a\x88F~\xe0\x8f\xc5\xf1\x89\xce!\xeeZ\xfea\x0d\xb72D\x89\xa0t\x0bSOU\xa4\xce\x82b\x95\xee\xebY_\xc6\xe1\x05\x80\x12\xc4^\x94?\xbc[H8\xf4S\xf7$\xe6\xfb\x91\xe9\x15\xc4\xcf\xf4S\x0d\xf4J\xfc\x9fT\xde}\xbe\xa0ko\x87\xc0\xd0P\x1f(0\x03@\xda\x08sQl\x7f\xff:&lt;\xa77\x06\x8e\xbdK\x11\x04\xeb}$\xde\xe6\xf9\xfc1q\xfb\x94\xd5`\xf3.J\xafB\xd2\xcb\xea\xc4j\x1a\xb2\xccS\xdd\x15K\x8b\x1f\xc8\x19a\x1f\xcd\x9d\xa8&gt;c+\x845ie\x84\xc8\x19\xc5F&quot;\xf8S\x95\xbe\xe3\x80J\x10\xc6*\xec\xba\x97 \x11\xc79\x99\x10\x04\xa0\xf0az\x95%\x8cNRu\xe2\xb6\xed\x08\xca\x14\xfc\xce&quot;j\xb3N\xcfF\x03\x97\x97\x03~\xc0\xb1\xde{\xafE3\xcf\xba&gt;q\xb7\xde\xf4%%\xc2\x0d5\x89\x9d\x9d\xfb\x0e\x11y\x89\x1e7\xc5\xaf\x8eri\x02\x03\x01\x00\x01	-	-	-	-	T	0
  +XXXXXXXXXX.XXXXXX	Ftmyeg2qgI2V38Dt3g	3	12BBE6	CN=GeoTrust Global CA,O=GeoTrust Inc.,C=US	OU=Equifax Secure Certificate Authority,O=Equifax,C=US	XXXXXXXXXX.XXXXXX	XXXXXXXXXX.XXXXXX	rsaEncryption	sha1WithRSAEncryption	rsa	2048	\x01\x00\x01	-	\xda\xcc\x18c0\xfd\xf4\x17#\x1aV~[\xdf&lt;l8\xe4q\xb7x\x91\xd4\xbc\xa1\xd8L\xf8\xa8C\xb6\x03\xe9M!\x07\x08\x88\xdaX/f9)\xbd\x05x\x8b\x9d8\xe8\x05\xb7j~q\xa4\xe6\xc4`\xa6\xb0\xef\x80\xe4\x89(\x0f\x9e%\xd6\xed\x83\xf3\xad\xa6\x91\xc7\x98\xc9B\x185\x14\x9d\xad\x98F\x92.O\xca\xf1\x87C\xc1\x16\x95W-P\xef\x89-\x80zW\xad\xf2\xee_k\xd2\x00\x8d\xb9\x14\xf8\x14\x155\xd9\xc0F\xa3{r\xc8\x91\xbf\xc9U+\xcd\xd0\x97&gt;\x9c&amp;d\xcc\xdf\xce\x83\x19q\xcaN\xe6\xd4\xd5{\xa9\x19\xcdU\xde\xc8\xec\xd2^8S\xe5\\O\x8c-\xfeP#6\xfcf\xe6\xcb\x8e\xa49\x19\x00\xb7\x95\x029\x91\x0b\x0e\xfe8.\xd1\x1d\x05\x9a\xf6M&gt;o\x0f\x07\x1d\xaf,\x1e\x8f`9\xe2\xfa6S\x139\xd4^&amp;+\xdb=\xa8\x14\xbd2\xeb\x18\x03(R\x04q\xe5\xab3=\xe18\xbb\x076\x84b\x9cy\xea\x160\xf4_\xc0+\xe8qk\xe4\xf9	-	-	0\x82\x01&quot;0\x0d\x06\x09*\x86H\x86\xf7\x0d\x01\x01\x01\x05\x00\x03\x82\x01\x0f\x000\x82\x01\x0a\x02\x82\x01\x01\x00\xda\xcc\x18c0\xfd\xf4\x17#\x1aV~[\xdf&lt;l8\xe4q\xb7x\x91\xd4\xbc\xa1\xd8L\xf8\xa8C\xb6\x03\xe9M!\x07\x08\x88\xdaX/f9)\xbd\x05x\x8b\x9d8\xe8\x05\xb7j~q\xa4\xe6\xc4`\xa6\xb0\xef\x80\xe4\x89(\x0f\x9e%\xd6\xed\x83\xf3\xad\xa6\x91\xc7\x98\xc9B\x185\x14\x9d\xad\x98F\x92.O\xca\xf1\x87C\xc1\x16\x95W-P\xef\x89-\x80zW\xad\xf2\xee_k\xd2\x00\x8d\xb9\x14\xf8\x14\x155\xd9\xc0F\xa3{r\xc8\x91\xbf\xc9U+\xcd\xd0\x97&gt;\x9c&amp;d\xcc\xdf\xce\x83\x19q\xcaN\xe6\xd4\xd5{\xa9\x19\xcdU\xde\xc8\xec\xd2^8S\xe5\\O\x8c-\xfeP#6\xfcf\xe6\xcb\x8e\xa49\x19\x00\xb7\x95\x029\x91\x0b\x0e\xfe8.\xd1\x1d\x05\x9a\xf6M&gt;o\x0f\x07\x1d\xaf,\x1e\x8f`9\xe2\xfa6S\x139\xd4^&amp;+\xdb=\xa8\x14\xbd2\xeb\x18\x03(R\x04q\xe5\xab3=\xe18\xbb\x076\x84b\x9cy\xea\x160\xf4_\xc0+\xe8qk\xe4\xf9\x02\x03\x01\x00\x01	-	-	-	-	T	-
  #close XXXX-XX-XX-XX-XX-XX
  =======================================
  % cat .stderr
</failure>
    </testcase>
    <testcase classname="scripts.base.frameworks.analyzer" name="enable-analyzer" time="0.7010912895202637"/>
    <testcase classname="scripts.base.frameworks.analyzer" name="schedule-analyzer" time="0.7180967330932617"/>
    <testcase classname="scripts.base.files.x509" name="signed_certificate_timestamp" time="0.8344123363494873"/>
    <testcase classname="scripts.base.files.data_event" name="basic" time="1.064192533493042"/>
    <testcase classname="language" name="paraglob-serialization" time="3.1110775470733643"/>
    <testcase classname="language" name="when-order-of-eval" time="1.6691136360168457"/>
    <testcase classname="scripts.base.frameworks.analyzer" name="disable-analyzer" time="1.0468521118164062"/>
    <testcase classname="scripts.base.frameworks.config" name="container-options" time="0.6671383380889893"/>
    <testcase classname="language" name="when" time="1.8245482444763184"/>
    <testcase classname="scripts.base.frameworks.analyzer" name="register-for-port" time="1.2076423168182373"/>
    <testcase classname="scripts.base.frameworks.file-analysis.actions" name="data_event" time="0.5549604892730713"/>
    <testcase classname="scripts.base.frameworks.file-analysis.bifs" name="file_exists_lookup_file" time="0.5374414920806885"/>
    <testcase classname="scripts.base.frameworks.file-analysis.bifs" name="register_mime_type" time="0.5394086837768555"/>
    <testcase classname="scripts.base.frameworks.config" name="weird" time="0.6794846057891846"/>
    <testcase classname="scripts.base.frameworks.file-analysis.bifs" name="remove_action" time="0.48049402236938477"/>
    <testcase classname="language" name="expire-expr-error" time="4.60542631149292"/>
    <testcase classname="scripts.base.frameworks.file-analysis.bifs" name="stop" time="0.5716285705566406"/>
    <testcase classname="core" name="load-file-extension" time="9.295960903167725"/>
    <testcase classname="scripts.base.frameworks.dpd" name="max_violations" time="0.8212001323699951"/>
    <testcase classname="scripts.base.frameworks.file-analysis" name="big-bof-buffer" time="0.5125255584716797"/>
    <testcase classname="scripts.base.frameworks.file-analysis" name="byteranges" time="0.4993865489959717"/>
    <testcase classname="language" name="type-coerce-numerics" time="2.649876117706299"/>
    <testcase classname="scripts.base.frameworks.file-analysis" name="ftp" time="0.6655929088592529"/>
    <testcase classname="scripts.base.frameworks.config" name="basic" time="1.614081621170044"/>
    <testcase classname="scripts.base.frameworks.config" name="read_config" time="1.4850494861602783"/>
    <testcase classname="scripts.base.frameworks.file-analysis" name="logging" time="0.5553879737854004"/>
    <testcase classname="scripts.base.frameworks.config" name="several-files" time="1.4205873012542725"/>
    <testcase classname="scripts.base.frameworks.config" name="missing-enum-value" time="1.6681604385375977"/>
    <testcase classname="scripts.base.frameworks.file-analysis" name="irc" time="0.7141847610473633"/>
    <testcase classname="scripts.base.frameworks.input" name="bad_patterns" time="0.6255168914794922"/>
    <testcase classname="scripts.base.frameworks.file-analysis.http" name="post" time="0.8472719192504883"/>
    <testcase classname="scripts.base.frameworks.file-analysis.http" name="multipart" time="1.0308971405029297"/>
    <testcase classname="scripts.base.frameworks.file-analysis.bifs" name="set_timeout_interval" time="1.431077480316162"/>
    <testcase classname="scripts.base.files.extract" name="limit" time="2.4876909255981445"/>
    <testcase classname="core" name="checksums" time="11.090306997299194"/>
    <testcase classname="scripts.base.frameworks.file-analysis.http" name="get" time="1.211059808731079"/>
    <testcase classname="scripts.base.frameworks.file-analysis" name="smtp" time="0.9773745536804199"/>
    <testcase classname="language" name="closure-sending-naming" time="6.1719276905059814"/>
    <testcase classname="scripts.base.frameworks.file-analysis.http" name="pipeline" time="1.0949208736419678"/>
    <testcase classname="broker" name="ssl-mismatch" time="11.60987663269043"/>
    <testcase classname="broker" name="unpeer" time="11.295882940292358"/>
    <testcase classname="plugins" name="packet-protocol" time="2.9970247745513916">
        <failure type="failure">  % './configure --zeek-dist=${DIST} &amp;&amp; make' failed unexpectedly (exit code 130)
  % cat .diag
  == File ===============================
  #separator \x09
  #set_separator	,
  #empty_field	(empty)
  #unset_field	-
  #path	unknown_protocols
  #open	2022-12-08-14-14-10
  #fields	ts	analyzer	protocol_id	first_bytes
  #types	time	string	string	string
  1599068759.647566	ETHERNET	0x88b5	4920616d20656e636170
  #close	2022-12-08-14-14-10
  == Diff ===============================
  =======================================
  % cat .stderr
  hint: Using 'master' as the name for the initial branch. This default branch name
  hint: is subject to change. To configure the initial branch name to use in all
  hint: of your new repositories, which will suppress this warning, call:
  hint:
  hint: 	git config --global init.defaultBranch &lt;name&gt;
  hint:
  hint: Names commonly chosen instead of 'master' are 'main', 'trunk' and
  hint: 'development'. The just-created branch can be renamed via this command:
  hint:
  hint: 	git branch -m &lt;name&gt;
</failure>
    </testcase>
    <testcase classname="scripts.base.frameworks.file-analysis.input" name="basic" time="1.263181447982788"/>
</testsuite>

